#
# A fatal error has been detected by the Java Runtime Environment:
#
#  SIGSEGV (0xb) at pc=0x00000001196b6f57, pid=10393, tid=6147
#
# JRE version: Java(TM) SE Runtime Environment (14.0.2+12) (build 14.0.2+12-46)
# Java VM: Java HotSpot(TM) 64-Bit Server VM (14.0.2+12-46, mixed mode, sharing, tiered, compressed oops, g1 gc, bsd-amd64)
# Problematic frame:
# C  [jna2376773957113761463.tmp+0x2cf57]  tesseract::Tesseract::recog_all_words(tesseract::PAGE_RES*, tesseract::ETEXT_DESC*, tesseract::TBOX const*, char const*, int)+0xb3
#
# No core dump will be written. Core dumps have been disabled. To enable core dumping, try "ulimit -c unlimited" before starting Java again
#
# If you would like to submit a bug report, please visit:
#   https://bugreport.java.com/bugreport/crash.jsp
# The crash happened outside the Java Virtual Machine in native code.
# See problematic frame for where to report the bug.
#

---------------  S U M M A R Y ------------

Command Line: -javaagent:/Applications/IntelliJ IDEA CE.app/Contents/lib/idea_rt.jar=63866:/Applications/IntelliJ IDEA CE.app/Contents/bin -Dfile.encoding=UTF-8 ocr.ExtractText

Host: MacBookPro14,3 x86_64 2800 MHz, 8 cores, 16G, Darwin 19.6.0
Time: Sat Sep 14 16:23:44 2024 IST elapsed time: 4 seconds (0d 0h 0m 4s)

---------------  T H R E A D  ---------------

Current thread (0x00007f9e6680d800):  JavaThread "main" [_thread_in_native, id=6147, stack(0x000070000344c000,0x000070000354c000)]

Stack: [0x000070000344c000,0x000070000354c000],  sp=0x000070000354a770,  free space=1017k
Native frames: (J=compiled Java code, A=aot compiled Java code, j=interpreted, Vv=VM code, C=native code)
C  [jna2376773957113761463.tmp+0x2cf57]  tesseract::Tesseract::recog_all_words(tesseract::PAGE_RES*, tesseract::ETEXT_DESC*, tesseract::TBOX const*, char const*, int)+0xb3
C  [jna2376773957113761463.tmp+0x6a0f]  tesseract::TessBaseAPI::Recognize(tesseract::ETEXT_DESC*)+0x3a7
C  [jna2376773957113761463.tmp+0x57cb]  tesseract::TessBaseAPI::GetUTF8Text()+0x35
C  [jna5536992066793537005.tmp+0xde74]  ffi_call_unix64+0x4c

Java frames: (J=compiled Java code, j=interpreted, Vv=VM code)
j  com.sun.jna.Native.invokePointer(Lcom/sun/jna/Function;JI[Ljava/lang/Object;)J+0
j  com.sun.jna.Function.invokePointer(I[Ljava/lang/Object;)Lcom/sun/jna/Pointer;+7
j  com.sun.jna.Function.invoke([Ljava/lang/Object;Ljava/lang/Class;ZI)Ljava/lang/Object;+385
j  com.sun.jna.Function.invoke(Ljava/lang/reflect/Method;[Ljava/lang/Class;Ljava/lang/Class;[Ljava/lang/Object;Ljava/util/Map;)Ljava/lang/Object;+271
j  com.sun.jna.Library$Handler.invoke(Ljava/lang/Object;Ljava/lang/reflect/Method;[Ljava/lang/Object;)Ljava/lang/Object;+390
j  com.sun.proxy.$Proxy0.TessBaseAPIGetUTF8Text(Lnet/sourceforge/tess4j/ITessAPI$TessBaseAPI;)Lcom/sun/jna/Pointer;+16
j  net.sourceforge.tess4j.Tesseract.getOCRText(Ljava/lang/String;I)Ljava/lang/String;+269
j  net.sourceforge.tess4j.Tesseract.doOCR(Ljavax/imageio/IIOImage;Ljava/lang/String;Ljava/awt/Rectangle;I)Ljava/lang/String;+18
j  net.sourceforge.tess4j.Tesseract.doOCR(Ljava/io/File;Ljava/awt/Rectangle;)Ljava/lang/String;+126
j  net.sourceforge.tess4j.Tesseract.doOCR(Ljava/io/File;)Ljava/lang/String;+3
j  ocr.ExtractText.main([Ljava/lang/String;)V+50
v  ~StubRoutines::call_stub

siginfo: si_signo: 11 (SIGSEGV), si_code: 1 (SEGV_MAPERR), si_addr: 0x000000000000000c

Register to memory mapping:

RAX=0x0 is NULL
RBX=0x0 is NULL
RCX=0x0 is NULL
RDX=0x00007f9e63d84480 points into unknown readable memory: a0 43 d8 63 9e 7f 00 00
RSP=0x000070000354a770 is pointing into the stack for thread: 0x00007f9e6680d800
RBP=0x000070000354a950 is pointing into the stack for thread: 0x00007f9e6680d800
RSI=0x0 is NULL
RDI=0x000070000354a820 is pointing into the stack for thread: 0x00007f9e6680d800
R8 =0x0 is NULL
R9 =0x0 is NULL
R10=0x00000000fffffff0 is an unknown value
R11=0x00007f9e63d84500 points into unknown readable memory: 91 f0 3d e6 f9 07 00 30
R12=0x00007f9e63d83c00 points into unknown readable memory: 00 00 00 00 00 00 00 00
R13=0x00007f9e68681000 points into unknown readable memory: 60 b9 87 19 01 00 00 00
R14=0x00000000ffffffff is an unknown value
R15=0x0 is NULL


Registers:
RAX=0x0000000000000000, RBX=0x0000000000000000, RCX=0x0000000000000000, RDX=0x00007f9e63d84480
RSP=0x000070000354a770, RBP=0x000070000354a950, RSI=0x0000000000000000, RDI=0x000070000354a820
R8 =0x0000000000000000, R9 =0x0000000000000000, R10=0x00000000fffffff0, R11=0x00007f9e63d84500
R12=0x00007f9e63d83c00, R13=0x00007f9e68681000, R14=0x00000000ffffffff, R15=0x0000000000000000
RIP=0x00000001196b6f57, EFLAGS=0x0000000000010246, ERR=0x0000000000000004
  TRAPNO=0x000000000000000e

Top of Stack: (sp=0x000070000354a770)
0x000070000354a770:   00007f9e63d83c00 0000000000000000
0x000070000354a780:   0000000000000000 0000000000000000
0x000070000354a790:   00007f9e63d85140 00007f9e63d843a0
0x000070000354a7a0:   00007f9e63d84370 00007f9e63d85630
0x000070000354a7b0:   00007f9e63d84480 00007f9e63d84370
0x000070000354a7c0:   00007f9e63d83c08 00007f9e63df03e0
0x000070000354a7d0:   00007f9e63d84370 00007f9e63d85810
0x000070000354a7e0:   00007f9e63d84370 00007f9e63000000
0x000070000354a7f0:   00007f9e63d84398 00007f9e63d843a0
0x000070000354a800:   00007f9e63d84480 00007f9e63d843a0
0x000070000354a810:   00007f9e63d843a0 00007f9e63010000
0x000070000354a820:   00007f9e63d844a0 00007f9e63d85630
0x000070000354a830:   00007f9e63d85320 00007f9e63d85630
0x000070000354a840:   00007f9e63d85630 0000000119010000
0x000070000354a850:   00007f9e63d843c0 00007f9e63d84eb0
0x000070000354a860:   00007f9e63d85140 00007f9e63d84eb0
0x000070000354a870:   00007f9e63d85140 00007f9e68000000
0x000070000354a880:   00007f9e63d844a0 00007f9e63d85320
0x000070000354a890:   00007f9e63d85630 00007f9e63d85320
0x000070000354a8a0:   00007f9e63d85630 00007f9e68000000
0x000070000354a8b0:   0000000000000000 00007f9e63df03e0
0x000070000354a8c0:   000070000354a950 000000011970c779
0x000070000354a8d0:   00007f9e686a2a68 00007f9e685109b0
0x000070000354a8e0:   000000000354a920 0000000000000000
0x000070000354a8f0:   0000000119884438 00007f9e6609f670
0x000070000354a900:   00007f9e6609f670 00007f9e686a2a68
0x000070000354a910:   000070000354a960 0000000000000000
0x000070000354a920:   00007f9e63d83c00 000070000354a901
0x000070000354a930:   00007f9e6609f670 00007f9e686a2a68
0x000070000354a940:   00000000ffffffff 0000000000000000
0x000070000354a950:   000070000354a9a0 0000000119690a0f
0x000070000354a960:   000070000354a901 00007fff68d0dd7a 

Instructions: (pc=0x00000001196b6f57)
0x00000001196b6e57:   00 48 8b bd e0 fe ff ff 48 85 ff 74 05 e8 5f b3
0x00000001196b6e67:   15 00 48 8b bd 20 ff ff ff 48 85 ff 74 05 e8 4e
0x00000001196b6e77:   b3 15 00 48 8b bd 60 ff ff ff 48 85 ff 74 0c 48
0x00000001196b6e87:   89 bd 68 ff ff ff e8 36 b3 15 00 48 89 df e8 f4
0x00000001196b6e97:   b0 15 00 0f 0b 90 90 90 90 90 90 90 90 55 48 89
0x00000001196b6ea7:   e5 41 57 41 56 41 55 41 54 53 48 81 ec b8 01 00
0x00000001196b6eb7:   00 44 89 cb 4c 89 45 98 48 89 4d c8 49 89 d7 49
0x00000001196b6ec7:   89 fd 31 c0 48 8d bd 20 fe ff ff 48 89 47 50 48
0x00000001196b6ed7:   89 87 80 00 00 00 48 89 87 b0 00 00 00 48 89 87
0x00000001196b6ee7:   e0 00 00 00 48 89 87 10 01 00 00 48 89 75 d0 48
0x00000001196b6ef7:   89 37 31 f6 e8 5a c5 05 00 41 80 bd 32 25 02 00
0x00000001196b6f07:   00 74 10 b0 01 41 88 85 52 25 02 00 41 88 85 4a
0x00000001196b6f17:   34 02 00 83 fb 01 0f 87 4e 03 00 00 89 5d 94 48
0x00000001196b6f27:   8d bd 20 fe ff ff 31 f6 e8 26 c5 05 00 41 83 bd
0x00000001196b6f37:   e8 14 00 00 00 7e 0e 4c 8b 65 d0 4c 89 ef e8 12
0x00000001196b6f47:   2a 07 00 eb 19 4c 8b 65 d0 49 8b 85 c0 09 00 00
0x00000001196b6f57:   80 78 0c 00 74 08 4c 89 ef e8 79 2a 07 00 49 8b
0x00000001196b6f67:   9d 28 4a 02 00 4d 8b b5 30 4a 02 00 4c 39 f3 74
0x00000001196b6f77:   2e 48 8b 3b 83 bf e8 14 00 00 00 7e 07 e8 d3 29
0x00000001196b6f87:   07 00 eb 12 48 8b 87 c0 09 00 00 80 78 0c 00 74
0x00000001196b6f97:   05 e8 41 2a 07 00 48 83 c3 08 49 39 de 75 d2 0f
0x00000001196b6fa7:   57 c0 4c 8d 8d 70 ff ff ff 41 0f 29 01 49 c7 41
0x00000001196b6fb7:   10 00 00 00 00 4c 89 ef be 01 00 00 00 48 8b 55
0x00000001196b6fc7:   c8 48 8b 4d 98 4d 89 e0 e8 58 f1 ff ff 41 83 bd
0x00000001196b6fd7:   8c 3a 02 00 00 74 0f 48 8d b5 70 ff ff ff 4c 89
0x00000001196b6fe7:   ef e8 79 78 03 00 4c 8d 85 70 ff ff ff 49 8b 40
0x00000001196b6ff7:   08 49 2b 00 48 c1 e8 05 69 c0 ab aa aa aa 41 89
0x00000001196b7007:   85 00 4a 02 00 41 c7 85 04 4a 02 00 00 00 00 00
0x00000001196b7017:   49 c7 85 f4 49 02 00 00 00 00 00 66 41 c7 85 fc
0x00000001196b7027:   49 02 00 00 00 4d 89 ad 40 4a 02 00 48 8d 8d 20
0x00000001196b7037:   fe ff ff 4c 89 ef be 01 00 00 00 4c 89 fa e8 14
0x00000001196b7047:   f4 ff ff 84 c0 0f 84 f5 01 00 00 48 8d bd 20 fe 


Stack slot to memory mapping:
stack at sp + 0 slots: 0x00007f9e63d83c00 points into unknown readable memory: 00 00 00 00 00 00 00 00
stack at sp + 1 slots: 0x0 is NULL
stack at sp + 2 slots: 0x0 is NULL
stack at sp + 3 slots: 0x0 is NULL
stack at sp + 4 slots: 0x00007f9e63d85140 points into unknown readable memory: b0 4e d8 63 9e 7f 00 00
stack at sp + 5 slots: 0x00007f9e63d843a0 points into unknown readable memory: 80 44 d8 63 9e 7f 00 00
stack at sp + 6 slots: 0x00007f9e63d84370 points into unknown readable memory: 10 58 d8 63 9e 7f 00 00
stack at sp + 7 slots: 0x00007f9e63d85630 points into unknown readable memory: 20 53 d8 63 9e 7f 00 00


---------------  P R O C E S S  ---------------

Threads class SMR info:
_java_thread_list=0x00007f9e6831f070, length=13, elements={
0x00007f9e6680d800, 0x00007f9e6480f000, 0x00007f9e64812000, 0x00007f9e668aa800,
0x00007f9e668a8800, 0x00007f9e668ad800, 0x00007f9e64811000, 0x00007f9e668ae800,
0x00007f9e69028800, 0x00007f9e64816000, 0x00007f9e64810000, 0x00007f9e650d2800,
0x00007f9e65123800
}

Java Threads: ( => current thread )
=>0x00007f9e6680d800 JavaThread "main" [_thread_in_native, id=6147, stack(0x000070000344c000,0x000070000354c000)]
  0x00007f9e6480f000 JavaThread "Reference Handler" daemon [_thread_blocked, id=14339, stack(0x0000700003b61000,0x0000700003c61000)]
  0x00007f9e64812000 JavaThread "Finalizer" daemon [_thread_blocked, id=14851, stack(0x0000700003c64000,0x0000700003d64000)]
  0x00007f9e668aa800 JavaThread "Signal Dispatcher" daemon [_thread_blocked, id=43267, stack(0x0000700003e6d000,0x0000700003f6d000)]
  0x00007f9e668a8800 JavaThread "Service Thread" daemon [_thread_blocked, id=42755, stack(0x0000700003f70000,0x0000700004070000)]
  0x00007f9e668ad800 JavaThread "C2 CompilerThread0" daemon [_thread_blocked, id=42499, stack(0x0000700004073000,0x0000700004173000)]
  0x00007f9e64811000 JavaThread "C1 CompilerThread0" daemon [_thread_blocked, id=41987, stack(0x0000700004176000,0x0000700004276000)]
  0x00007f9e668ae800 JavaThread "Sweeper thread" daemon [_thread_blocked, id=41475, stack(0x0000700004279000,0x0000700004379000)]
  0x00007f9e69028800 JavaThread "Common-Cleaner" daemon [_thread_blocked, id=23811, stack(0x000070000437c000,0x000070000447c000)]
  0x00007f9e64816000 JavaThread "Monitor Ctrl-Break" daemon [_thread_in_native, id=40451, stack(0x0000700004582000,0x0000700004682000)]
  0x00007f9e64810000 JavaThread "Notification Thread" daemon [_thread_blocked, id=25347, stack(0x0000700004685000,0x0000700004785000)]
  0x00007f9e650d2800 JavaThread "Java2D Disposer" daemon [_thread_blocked, id=39431, stack(0x000070000488b000,0x000070000498b000)]
  0x00007f9e65123800 JavaThread "Attach Listener" daemon [_thread_blocked, id=39175, stack(0x000070000498e000,0x0000700004a8e000)]

Other Threads:
  0x00007f9e6480e800 VMThread "VM Thread" [stack: 0x0000700003a5e000,0x0000700003b5e000] [id=18691]
  0x00007f9e6782b800 WatcherThread [stack: 0x0000700004788000,0x0000700004888000] [id=39939]
  0x00007f9e6683e000 GCTaskThread "GC Thread#0" [stack: 0x000070000354f000,0x000070000364f000] [id=19715]
  0x00007f9e65124800 GCTaskThread "GC Thread#1" [stack: 0x000070000447f000,0x000070000457f000] [id=40711]
  0x00007f9e65168000 GCTaskThread "GC Thread#2" [stack: 0x0000700004a91000,0x0000700004b91000] [id=24071]
  0x00007f9e65172800 GCTaskThread "GC Thread#3" [stack: 0x0000700004b94000,0x0000700004c94000] [id=27139]
  0x00007f9e64c55800 GCTaskThread "GC Thread#4" [stack: 0x0000700004c97000,0x0000700004d97000] [id=38403]
  0x00007f9e64c50800 GCTaskThread "GC Thread#5" [stack: 0x0000700004d9a000,0x0000700004e9a000] [id=38147]
  0x00007f9e6684f000 ConcurrentGCThread "G1 Main Marker" [stack: 0x0000700003652000,0x0000700003752000] [id=12291]
  0x00007f9e66850000 ConcurrentGCThread "G1 Conc#0" [stack: 0x0000700003755000,0x0000700003855000] [id=13315]
  0x00007f9e69110800 ConcurrentGCThread "G1 Conc#1" [stack: 0x0000700004e9d000,0x0000700004f9d000] [id=27907]
  0x00007f9e6880b800 ConcurrentGCThread "G1 Refine#0" [stack: 0x0000700003858000,0x0000700003958000] [id=13827]
  0x00007f9e6688c000 ConcurrentGCThread "G1 Young RemSet Sampling" [stack: 0x000070000395b000,0x0000700003a5b000] [id=18947]

Threads with active compile tasks:

VM state:not at safepoint (normal execution)

VM Mutex/Monitor currently owned by a thread: None

Heap address: 0x0000000700000000, size: 4096 MB, Compressed Oops mode: Zero based, Oop shift amount: 3
Narrow klass base: 0x0000000800000000, Narrow klass shift: 3
Compressed class space size: 1073741824 Address: 0x0000000800b05000

Heap:
 garbage-first heap   total 295936K, used 175811K [0x0000000700000000, 0x0000000800000000)
  region size 1024K, 4 young (4096K), 3 survivors (3072K)
 Metaspace       used 5779K, capacity 6167K, committed 6400K, reserved 1056768K
  class space    used 583K, capacity 655K, committed 768K, reserved 1048576K
Heap Regions: E=young(eden), S=young(survivor), O=old, HS=humongous(starts), HC=humongous(continues), CS=collection set, F=free, OA=open archive, CA=closed archive, TAMS=top-at-mark-start (previous, next)
|   0|0x0000000700000000, 0x0000000700100000, 0x0000000700100000|100%|HS|  |TAMS 0x0000000700100000, 0x0000000700000000| Complete 
|   1|0x0000000700100000, 0x0000000700200000, 0x0000000700200000|100%|HC|  |TAMS 0x0000000700200000, 0x0000000700100000| Complete 
|   2|0x0000000700200000, 0x0000000700300000, 0x0000000700300000|100%|HC|  |TAMS 0x0000000700300000, 0x0000000700200000| Complete 
|   3|0x0000000700300000, 0x0000000700400000, 0x0000000700400000|100%|HC|  |TAMS 0x0000000700400000, 0x0000000700300000| Complete 
|   4|0x0000000700400000, 0x0000000700500000, 0x0000000700500000|100%|HC|  |TAMS 0x0000000700500000, 0x0000000700400000| Complete 
|   5|0x0000000700500000, 0x0000000700600000, 0x0000000700600000|100%|HC|  |TAMS 0x0000000700600000, 0x0000000700500000| Complete 
|   6|0x0000000700600000, 0x0000000700700000, 0x0000000700700000|100%|HC|  |TAMS 0x0000000700700000, 0x0000000700600000| Complete 
|   7|0x0000000700700000, 0x0000000700800000, 0x0000000700800000|100%|HC|  |TAMS 0x0000000700800000, 0x0000000700700000| Complete 
|   8|0x0000000700800000, 0x0000000700900000, 0x0000000700900000|100%|HC|  |TAMS 0x0000000700900000, 0x0000000700800000| Complete 
|   9|0x0000000700900000, 0x0000000700a00000, 0x0000000700a00000|100%|HC|  |TAMS 0x0000000700a00000, 0x0000000700900000| Complete 
|  10|0x0000000700a00000, 0x0000000700b00000, 0x0000000700b00000|100%|HC|  |TAMS 0x0000000700b00000, 0x0000000700a00000| Complete 
|  11|0x0000000700b00000, 0x0000000700c00000, 0x0000000700c00000|100%|HC|  |TAMS 0x0000000700c00000, 0x0000000700b00000| Complete 
|  12|0x0000000700c00000, 0x0000000700d00000, 0x0000000700d00000|100%|HC|  |TAMS 0x0000000700d00000, 0x0000000700c00000| Complete 
|  13|0x0000000700d00000, 0x0000000700e00000, 0x0000000700e00000|100%|HC|  |TAMS 0x0000000700e00000, 0x0000000700d00000| Complete 
|  14|0x0000000700e00000, 0x0000000700f00000, 0x0000000700f00000|100%|HC|  |TAMS 0x0000000700f00000, 0x0000000700e00000| Complete 
|  15|0x0000000700f00000, 0x0000000701000000, 0x0000000701000000|100%|HC|  |TAMS 0x0000000701000000, 0x0000000700f00000| Complete 
|  16|0x0000000701000000, 0x0000000701100000, 0x0000000701100000|100%|HC|  |TAMS 0x0000000701100000, 0x0000000701000000| Complete 
|  17|0x0000000701100000, 0x0000000701200000, 0x0000000701200000|100%|HC|  |TAMS 0x0000000701200000, 0x0000000701100000| Complete 
|  18|0x0000000701200000, 0x0000000701300000, 0x0000000701300000|100%|HC|  |TAMS 0x0000000701300000, 0x0000000701200000| Complete 
|  19|0x0000000701300000, 0x0000000701400000, 0x0000000701400000|100%|HC|  |TAMS 0x0000000701400000, 0x0000000701300000| Complete 
|  20|0x0000000701400000, 0x0000000701500000, 0x0000000701500000|100%|HC|  |TAMS 0x0000000701500000, 0x0000000701400000| Complete 
|  21|0x0000000701500000, 0x0000000701600000, 0x0000000701600000|100%|HC|  |TAMS 0x0000000701600000, 0x0000000701500000| Complete 
|  22|0x0000000701600000, 0x0000000701700000, 0x0000000701700000|100%|HC|  |TAMS 0x0000000701700000, 0x0000000701600000| Complete 
|  23|0x0000000701700000, 0x0000000701800000, 0x0000000701800000|100%|HC|  |TAMS 0x0000000701800000, 0x0000000701700000| Complete 
|  24|0x0000000701800000, 0x0000000701900000, 0x0000000701900000|100%|HC|  |TAMS 0x0000000701900000, 0x0000000701800000| Complete 
|  25|0x0000000701900000, 0x0000000701a00000, 0x0000000701a00000|100%|HC|  |TAMS 0x0000000701a00000, 0x0000000701900000| Complete 
|  26|0x0000000701a00000, 0x0000000701b00000, 0x0000000701b00000|100%|HC|  |TAMS 0x0000000701b00000, 0x0000000701a00000| Complete 
|  27|0x0000000701b00000, 0x0000000701c00000, 0x0000000701c00000|100%|HC|  |TAMS 0x0000000701c00000, 0x0000000701b00000| Complete 
|  28|0x0000000701c00000, 0x0000000701d00000, 0x0000000701d00000|100%|HC|  |TAMS 0x0000000701d00000, 0x0000000701c00000| Complete 
|  29|0x0000000701d00000, 0x0000000701e00000, 0x0000000701e00000|100%|HC|  |TAMS 0x0000000701e00000, 0x0000000701d00000| Complete 
|  30|0x0000000701e00000, 0x0000000701f00000, 0x0000000701f00000|100%|HC|  |TAMS 0x0000000701f00000, 0x0000000701e00000| Complete 
|  31|0x0000000701f00000, 0x0000000702000000, 0x0000000702000000|100%|HC|  |TAMS 0x0000000702000000, 0x0000000701f00000| Complete 
|  32|0x0000000702000000, 0x0000000702100000, 0x0000000702100000|100%|HC|  |TAMS 0x0000000702100000, 0x0000000702000000| Complete 
|  33|0x0000000702100000, 0x0000000702200000, 0x0000000702200000|100%|HC|  |TAMS 0x0000000702200000, 0x0000000702100000| Complete 
|  34|0x0000000702200000, 0x0000000702300000, 0x0000000702300000|100%|HC|  |TAMS 0x0000000702300000, 0x0000000702200000| Complete 
|  35|0x0000000702300000, 0x0000000702400000, 0x0000000702400000|100%|HC|  |TAMS 0x0000000702400000, 0x0000000702300000| Complete 
|  36|0x0000000702400000, 0x0000000702500000, 0x0000000702500000|100%|HC|  |TAMS 0x0000000702500000, 0x0000000702400000| Complete 
|  37|0x0000000702500000, 0x0000000702600000, 0x0000000702600000|100%|HC|  |TAMS 0x0000000702600000, 0x0000000702500000| Complete 
|  38|0x0000000702600000, 0x0000000702700000, 0x0000000702700000|100%|HC|  |TAMS 0x0000000702700000, 0x0000000702600000| Complete 
|  39|0x0000000702700000, 0x0000000702800000, 0x0000000702800000|100%|HC|  |TAMS 0x0000000702800000, 0x0000000702700000| Complete 
|  40|0x0000000702800000, 0x0000000702900000, 0x0000000702900000|100%|HC|  |TAMS 0x0000000702900000, 0x0000000702800000| Complete 
|  41|0x0000000702900000, 0x0000000702a00000, 0x0000000702a00000|100%|HC|  |TAMS 0x0000000702a00000, 0x0000000702900000| Complete 
|  42|0x0000000702a00000, 0x0000000702b00000, 0x0000000702b00000|100%|HC|  |TAMS 0x0000000702b00000, 0x0000000702a00000| Complete 
|  43|0x0000000702b00000, 0x0000000702c00000, 0x0000000702c00000|100%|HC|  |TAMS 0x0000000702c00000, 0x0000000702b00000| Complete 
|  44|0x0000000702c00000, 0x0000000702d00000, 0x0000000702d00000|100%|HC|  |TAMS 0x0000000702d00000, 0x0000000702c00000| Complete 
|  45|0x0000000702d00000, 0x0000000702e00000, 0x0000000702e00000|100%|HC|  |TAMS 0x0000000702e00000, 0x0000000702d00000| Complete 
|  46|0x0000000702e00000, 0x0000000702f00000, 0x0000000702f00000|100%|HC|  |TAMS 0x0000000702f00000, 0x0000000702e00000| Complete 
|  47|0x0000000702f00000, 0x0000000703000000, 0x0000000703000000|100%|HC|  |TAMS 0x0000000703000000, 0x0000000702f00000| Complete 
|  48|0x0000000703000000, 0x0000000703100000, 0x0000000703100000|100%|HC|  |TAMS 0x0000000703100000, 0x0000000703000000| Complete 
|  49|0x0000000703100000, 0x0000000703200000, 0x0000000703200000|100%|HC|  |TAMS 0x0000000703200000, 0x0000000703100000| Complete 
|  50|0x0000000703200000, 0x0000000703300000, 0x0000000703300000|100%|HC|  |TAMS 0x0000000703300000, 0x0000000703200000| Complete 
|  51|0x0000000703300000, 0x0000000703400000, 0x0000000703400000|100%|HC|  |TAMS 0x0000000703400000, 0x0000000703300000| Complete 
|  52|0x0000000703400000, 0x0000000703500000, 0x0000000703500000|100%|HC|  |TAMS 0x0000000703500000, 0x0000000703400000| Complete 
|  53|0x0000000703500000, 0x0000000703600000, 0x0000000703600000|100%|HC|  |TAMS 0x0000000703600000, 0x0000000703500000| Complete 
|  54|0x0000000703600000, 0x0000000703700000, 0x0000000703700000|100%|HC|  |TAMS 0x0000000703700000, 0x0000000703600000| Complete 
|  55|0x0000000703700000, 0x0000000703800000, 0x0000000703800000|100%|HC|  |TAMS 0x0000000703800000, 0x0000000703700000| Complete 
|  56|0x0000000703800000, 0x0000000703900000, 0x0000000703900000|100%|HS|  |TAMS 0x0000000703900000, 0x0000000703800000| Complete 
|  57|0x0000000703900000, 0x0000000703a00000, 0x0000000703a00000|100%|HC|  |TAMS 0x0000000703a00000, 0x0000000703900000| Complete 
|  58|0x0000000703a00000, 0x0000000703b00000, 0x0000000703b00000|100%|HC|  |TAMS 0x0000000703b00000, 0x0000000703a00000| Complete 
|  59|0x0000000703b00000, 0x0000000703c00000, 0x0000000703c00000|100%|HC|  |TAMS 0x0000000703c00000, 0x0000000703b00000| Complete 
|  60|0x0000000703c00000, 0x0000000703d00000, 0x0000000703d00000|100%|HC|  |TAMS 0x0000000703d00000, 0x0000000703c00000| Complete 
|  61|0x0000000703d00000, 0x0000000703e00000, 0x0000000703e00000|100%|HC|  |TAMS 0x0000000703e00000, 0x0000000703d00000| Complete 
|  62|0x0000000703e00000, 0x0000000703f00000, 0x0000000703f00000|100%|HC|  |TAMS 0x0000000703f00000, 0x0000000703e00000| Complete 
|  63|0x0000000703f00000, 0x0000000704000000, 0x0000000704000000|100%|HC|  |TAMS 0x0000000704000000, 0x0000000703f00000| Complete 
|  64|0x0000000704000000, 0x0000000704100000, 0x0000000704100000|100%|HC|  |TAMS 0x0000000704100000, 0x0000000704000000| Complete 
|  65|0x0000000704100000, 0x0000000704200000, 0x0000000704200000|100%|HC|  |TAMS 0x0000000704200000, 0x0000000704100000| Complete 
|  66|0x0000000704200000, 0x0000000704300000, 0x0000000704300000|100%|HC|  |TAMS 0x0000000704300000, 0x0000000704200000| Complete 
|  67|0x0000000704300000, 0x0000000704400000, 0x0000000704400000|100%|HC|  |TAMS 0x0000000704400000, 0x0000000704300000| Complete 
|  68|0x0000000704400000, 0x0000000704500000, 0x0000000704500000|100%|HC|  |TAMS 0x0000000704500000, 0x0000000704400000| Complete 
|  69|0x0000000704500000, 0x0000000704600000, 0x0000000704600000|100%|HC|  |TAMS 0x0000000704600000, 0x0000000704500000| Complete 
|  70|0x0000000704600000, 0x0000000704700000, 0x0000000704700000|100%|HC|  |TAMS 0x0000000704700000, 0x0000000704600000| Complete 
|  71|0x0000000704700000, 0x0000000704800000, 0x0000000704800000|100%|HC|  |TAMS 0x0000000704800000, 0x0000000704700000| Complete 
|  72|0x0000000704800000, 0x0000000704900000, 0x0000000704900000|100%|HC|  |TAMS 0x0000000704900000, 0x0000000704800000| Complete 
|  73|0x0000000704900000, 0x0000000704a00000, 0x0000000704a00000|100%|HC|  |TAMS 0x0000000704a00000, 0x0000000704900000| Complete 
|  74|0x0000000704a00000, 0x0000000704b00000, 0x0000000704b00000|100%|HC|  |TAMS 0x0000000704b00000, 0x0000000704a00000| Complete 
|  75|0x0000000704b00000, 0x0000000704c00000, 0x0000000704c00000|100%|HC|  |TAMS 0x0000000704c00000, 0x0000000704b00000| Complete 
|  76|0x0000000704c00000, 0x0000000704d00000, 0x0000000704d00000|100%|HC|  |TAMS 0x0000000704d00000, 0x0000000704c00000| Complete 
|  77|0x0000000704d00000, 0x0000000704e00000, 0x0000000704e00000|100%|HC|  |TAMS 0x0000000704e00000, 0x0000000704d00000| Complete 
|  78|0x0000000704e00000, 0x0000000704f00000, 0x0000000704f00000|100%|HC|  |TAMS 0x0000000704f00000, 0x0000000704e00000| Complete 
|  79|0x0000000704f00000, 0x0000000705000000, 0x0000000705000000|100%|HC|  |TAMS 0x0000000705000000, 0x0000000704f00000| Complete 
|  80|0x0000000705000000, 0x0000000705100000, 0x0000000705100000|100%|HC|  |TAMS 0x0000000705100000, 0x0000000705000000| Complete 
|  81|0x0000000705100000, 0x0000000705200000, 0x0000000705200000|100%|HC|  |TAMS 0x0000000705200000, 0x0000000705100000| Complete 
|  82|0x0000000705200000, 0x0000000705300000, 0x0000000705300000|100%|HC|  |TAMS 0x0000000705300000, 0x0000000705200000| Complete 
|  83|0x0000000705300000, 0x0000000705400000, 0x0000000705400000|100%|HC|  |TAMS 0x0000000705400000, 0x0000000705300000| Complete 
|  84|0x0000000705400000, 0x0000000705500000, 0x0000000705500000|100%|HC|  |TAMS 0x0000000705500000, 0x0000000705400000| Complete 
|  85|0x0000000705500000, 0x0000000705600000, 0x0000000705600000|100%|HC|  |TAMS 0x0000000705600000, 0x0000000705500000| Complete 
|  86|0x0000000705600000, 0x0000000705700000, 0x0000000705700000|100%|HC|  |TAMS 0x0000000705700000, 0x0000000705600000| Complete 
|  87|0x0000000705700000, 0x0000000705800000, 0x0000000705800000|100%|HC|  |TAMS 0x0000000705800000, 0x0000000705700000| Complete 
|  88|0x0000000705800000, 0x0000000705900000, 0x0000000705900000|100%|HC|  |TAMS 0x0000000705900000, 0x0000000705800000| Complete 
|  89|0x0000000705900000, 0x0000000705a00000, 0x0000000705a00000|100%|HC|  |TAMS 0x0000000705a00000, 0x0000000705900000| Complete 
|  90|0x0000000705a00000, 0x0000000705b00000, 0x0000000705b00000|100%|HC|  |TAMS 0x0000000705b00000, 0x0000000705a00000| Complete 
|  91|0x0000000705b00000, 0x0000000705c00000, 0x0000000705c00000|100%|HC|  |TAMS 0x0000000705c00000, 0x0000000705b00000| Complete 
|  92|0x0000000705c00000, 0x0000000705d00000, 0x0000000705d00000|100%|HC|  |TAMS 0x0000000705d00000, 0x0000000705c00000| Complete 
|  93|0x0000000705d00000, 0x0000000705e00000, 0x0000000705e00000|100%|HC|  |TAMS 0x0000000705e00000, 0x0000000705d00000| Complete 
|  94|0x0000000705e00000, 0x0000000705f00000, 0x0000000705f00000|100%|HC|  |TAMS 0x0000000705f00000, 0x0000000705e00000| Complete 
|  95|0x0000000705f00000, 0x0000000706000000, 0x0000000706000000|100%|HC|  |TAMS 0x0000000706000000, 0x0000000705f00000| Complete 
|  96|0x0000000706000000, 0x0000000706100000, 0x0000000706100000|100%|HC|  |TAMS 0x0000000706100000, 0x0000000706000000| Complete 
|  97|0x0000000706100000, 0x0000000706200000, 0x0000000706200000|100%|HC|  |TAMS 0x0000000706200000, 0x0000000706100000| Complete 
|  98|0x0000000706200000, 0x0000000706300000, 0x0000000706300000|100%|HC|  |TAMS 0x0000000706300000, 0x0000000706200000| Complete 
|  99|0x0000000706300000, 0x0000000706400000, 0x0000000706400000|100%|HC|  |TAMS 0x0000000706400000, 0x0000000706300000| Complete 
| 100|0x0000000706400000, 0x0000000706500000, 0x0000000706500000|100%|HC|  |TAMS 0x0000000706500000, 0x0000000706400000| Complete 
| 101|0x0000000706500000, 0x0000000706600000, 0x0000000706600000|100%|HC|  |TAMS 0x0000000706600000, 0x0000000706500000| Complete 
| 102|0x0000000706600000, 0x0000000706700000, 0x0000000706700000|100%|HC|  |TAMS 0x0000000706700000, 0x0000000706600000| Complete 
| 103|0x0000000706700000, 0x0000000706800000, 0x0000000706800000|100%|HC|  |TAMS 0x0000000706800000, 0x0000000706700000| Complete 
| 104|0x0000000706800000, 0x0000000706900000, 0x0000000706900000|100%|HC|  |TAMS 0x0000000706900000, 0x0000000706800000| Complete 
| 105|0x0000000706900000, 0x0000000706a00000, 0x0000000706a00000|100%|HC|  |TAMS 0x0000000706a00000, 0x0000000706900000| Complete 
| 106|0x0000000706a00000, 0x0000000706b00000, 0x0000000706b00000|100%|HC|  |TAMS 0x0000000706b00000, 0x0000000706a00000| Complete 
| 107|0x0000000706b00000, 0x0000000706c00000, 0x0000000706c00000|100%|HC|  |TAMS 0x0000000706c00000, 0x0000000706b00000| Complete 
| 108|0x0000000706c00000, 0x0000000706d00000, 0x0000000706d00000|100%|HC|  |TAMS 0x0000000706d00000, 0x0000000706c00000| Complete 
| 109|0x0000000706d00000, 0x0000000706e00000, 0x0000000706e00000|100%|HC|  |TAMS 0x0000000706e00000, 0x0000000706d00000| Complete 
| 110|0x0000000706e00000, 0x0000000706f00000, 0x0000000706f00000|100%|HC|  |TAMS 0x0000000706f00000, 0x0000000706e00000| Complete 
| 111|0x0000000706f00000, 0x0000000707000000, 0x0000000707000000|100%|HC|  |TAMS 0x0000000707000000, 0x0000000706f00000| Complete 
| 112|0x0000000707000000, 0x0000000707100000, 0x0000000707100000|100%|HS|  |TAMS 0x0000000707000000, 0x0000000707000000| Complete 
| 113|0x0000000707100000, 0x0000000707200000, 0x0000000707200000|100%|HC|  |TAMS 0x0000000707100000, 0x0000000707100000| Complete 
| 114|0x0000000707200000, 0x0000000707300000, 0x0000000707300000|100%|HC|  |TAMS 0x0000000707200000, 0x0000000707200000| Complete 
| 115|0x0000000707300000, 0x0000000707400000, 0x0000000707400000|100%|HC|  |TAMS 0x0000000707300000, 0x0000000707300000| Complete 
| 116|0x0000000707400000, 0x0000000707500000, 0x0000000707500000|100%|HC|  |TAMS 0x0000000707400000, 0x0000000707400000| Complete 
| 117|0x0000000707500000, 0x0000000707600000, 0x0000000707600000|100%|HC|  |TAMS 0x0000000707500000, 0x0000000707500000| Complete 
| 118|0x0000000707600000, 0x0000000707700000, 0x0000000707700000|100%|HC|  |TAMS 0x0000000707600000, 0x0000000707600000| Complete 
| 119|0x0000000707700000, 0x0000000707800000, 0x0000000707800000|100%|HC|  |TAMS 0x0000000707700000, 0x0000000707700000| Complete 
| 120|0x0000000707800000, 0x0000000707900000, 0x0000000707900000|100%|HC|  |TAMS 0x0000000707800000, 0x0000000707800000| Complete 
| 121|0x0000000707900000, 0x0000000707a00000, 0x0000000707a00000|100%|HC|  |TAMS 0x0000000707900000, 0x0000000707900000| Complete 
| 122|0x0000000707a00000, 0x0000000707b00000, 0x0000000707b00000|100%|HC|  |TAMS 0x0000000707a00000, 0x0000000707a00000| Complete 
| 123|0x0000000707b00000, 0x0000000707c00000, 0x0000000707c00000|100%|HC|  |TAMS 0x0000000707b00000, 0x0000000707b00000| Complete 
| 124|0x0000000707c00000, 0x0000000707d00000, 0x0000000707d00000|100%|HC|  |TAMS 0x0000000707c00000, 0x0000000707c00000| Complete 
| 125|0x0000000707d00000, 0x0000000707e00000, 0x0000000707e00000|100%|HC|  |TAMS 0x0000000707d00000, 0x0000000707d00000| Complete 
| 126|0x0000000707e00000, 0x0000000707f00000, 0x0000000707f00000|100%|HC|  |TAMS 0x0000000707e00000, 0x0000000707e00000| Complete 
| 127|0x0000000707f00000, 0x0000000708000000, 0x0000000708000000|100%|HC|  |TAMS 0x0000000707f00000, 0x0000000707f00000| Complete 
| 128|0x0000000708000000, 0x0000000708100000, 0x0000000708100000|100%|HC|  |TAMS 0x0000000708000000, 0x0000000708000000| Complete 
| 129|0x0000000708100000, 0x0000000708200000, 0x0000000708200000|100%|HC|  |TAMS 0x0000000708100000, 0x0000000708100000| Complete 
| 130|0x0000000708200000, 0x0000000708300000, 0x0000000708300000|100%|HC|  |TAMS 0x0000000708200000, 0x0000000708200000| Complete 
| 131|0x0000000708300000, 0x0000000708400000, 0x0000000708400000|100%|HC|  |TAMS 0x0000000708300000, 0x0000000708300000| Complete 
| 132|0x0000000708400000, 0x0000000708500000, 0x0000000708500000|100%|HC|  |TAMS 0x0000000708400000, 0x0000000708400000| Complete 
| 133|0x0000000708500000, 0x0000000708600000, 0x0000000708600000|100%|HC|  |TAMS 0x0000000708500000, 0x0000000708500000| Complete 
| 134|0x0000000708600000, 0x0000000708700000, 0x0000000708700000|100%|HC|  |TAMS 0x0000000708600000, 0x0000000708600000| Complete 
| 135|0x0000000708700000, 0x0000000708800000, 0x0000000708800000|100%|HC|  |TAMS 0x0000000708700000, 0x0000000708700000| Complete 
| 136|0x0000000708800000, 0x0000000708900000, 0x0000000708900000|100%|HC|  |TAMS 0x0000000708800000, 0x0000000708800000| Complete 
| 137|0x0000000708900000, 0x0000000708a00000, 0x0000000708a00000|100%|HC|  |TAMS 0x0000000708900000, 0x0000000708900000| Complete 
| 138|0x0000000708a00000, 0x0000000708b00000, 0x0000000708b00000|100%|HC|  |TAMS 0x0000000708a00000, 0x0000000708a00000| Complete 
| 139|0x0000000708b00000, 0x0000000708c00000, 0x0000000708c00000|100%|HC|  |TAMS 0x0000000708b00000, 0x0000000708b00000| Complete 
| 140|0x0000000708c00000, 0x0000000708d00000, 0x0000000708d00000|100%|HC|  |TAMS 0x0000000708c00000, 0x0000000708c00000| Complete 
| 141|0x0000000708d00000, 0x0000000708e00000, 0x0000000708e00000|100%|HC|  |TAMS 0x0000000708d00000, 0x0000000708d00000| Complete 
| 142|0x0000000708e00000, 0x0000000708f00000, 0x0000000708f00000|100%|HC|  |TAMS 0x0000000708e00000, 0x0000000708e00000| Complete 
| 143|0x0000000708f00000, 0x0000000709000000, 0x0000000709000000|100%|HC|  |TAMS 0x0000000708f00000, 0x0000000708f00000| Complete 
| 144|0x0000000709000000, 0x0000000709100000, 0x0000000709100000|100%|HC|  |TAMS 0x0000000709000000, 0x0000000709000000| Complete 
| 145|0x0000000709100000, 0x0000000709200000, 0x0000000709200000|100%|HC|  |TAMS 0x0000000709100000, 0x0000000709100000| Complete 
| 146|0x0000000709200000, 0x0000000709300000, 0x0000000709300000|100%|HC|  |TAMS 0x0000000709200000, 0x0000000709200000| Complete 
| 147|0x0000000709300000, 0x0000000709400000, 0x0000000709400000|100%|HC|  |TAMS 0x0000000709300000, 0x0000000709300000| Complete 
| 148|0x0000000709400000, 0x0000000709500000, 0x0000000709500000|100%|HC|  |TAMS 0x0000000709400000, 0x0000000709400000| Complete 
| 149|0x0000000709500000, 0x0000000709600000, 0x0000000709600000|100%|HC|  |TAMS 0x0000000709500000, 0x0000000709500000| Complete 
| 150|0x0000000709600000, 0x0000000709700000, 0x0000000709700000|100%|HC|  |TAMS 0x0000000709600000, 0x0000000709600000| Complete 
| 151|0x0000000709700000, 0x0000000709800000, 0x0000000709800000|100%|HC|  |TAMS 0x0000000709700000, 0x0000000709700000| Complete 
| 152|0x0000000709800000, 0x0000000709900000, 0x0000000709900000|100%|HC|  |TAMS 0x0000000709800000, 0x0000000709800000| Complete 
| 153|0x0000000709900000, 0x0000000709a00000, 0x0000000709a00000|100%|HC|  |TAMS 0x0000000709900000, 0x0000000709900000| Complete 
| 154|0x0000000709a00000, 0x0000000709b00000, 0x0000000709b00000|100%|HC|  |TAMS 0x0000000709a00000, 0x0000000709a00000| Complete 
| 155|0x0000000709b00000, 0x0000000709c00000, 0x0000000709c00000|100%|HC|  |TAMS 0x0000000709b00000, 0x0000000709b00000| Complete 
| 156|0x0000000709c00000, 0x0000000709d00000, 0x0000000709d00000|100%|HC|  |TAMS 0x0000000709c00000, 0x0000000709c00000| Complete 
| 157|0x0000000709d00000, 0x0000000709e00000, 0x0000000709e00000|100%|HC|  |TAMS 0x0000000709d00000, 0x0000000709d00000| Complete 
| 158|0x0000000709e00000, 0x0000000709f00000, 0x0000000709f00000|100%|HC|  |TAMS 0x0000000709e00000, 0x0000000709e00000| Complete 
| 159|0x0000000709f00000, 0x000000070a000000, 0x000000070a000000|100%|HC|  |TAMS 0x0000000709f00000, 0x0000000709f00000| Complete 
| 160|0x000000070a000000, 0x000000070a100000, 0x000000070a100000|100%|HC|  |TAMS 0x000000070a000000, 0x000000070a000000| Complete 
| 161|0x000000070a100000, 0x000000070a200000, 0x000000070a200000|100%|HC|  |TAMS 0x000000070a100000, 0x000000070a100000| Complete 
| 162|0x000000070a200000, 0x000000070a300000, 0x000000070a300000|100%|HC|  |TAMS 0x000000070a200000, 0x000000070a200000| Complete 
| 163|0x000000070a300000, 0x000000070a400000, 0x000000070a400000|100%|HC|  |TAMS 0x000000070a300000, 0x000000070a300000| Complete 
| 164|0x000000070a400000, 0x000000070a500000, 0x000000070a500000|100%|HC|  |TAMS 0x000000070a400000, 0x000000070a400000| Complete 
| 165|0x000000070a500000, 0x000000070a600000, 0x000000070a600000|100%|HC|  |TAMS 0x000000070a500000, 0x000000070a500000| Complete 
| 166|0x000000070a600000, 0x000000070a700000, 0x000000070a700000|100%|HC|  |TAMS 0x000000070a600000, 0x000000070a600000| Complete 
| 167|0x000000070a700000, 0x000000070a800000, 0x000000070a800000|100%|HC|  |TAMS 0x000000070a700000, 0x000000070a700000| Complete 
| 168|0x000000070a800000, 0x000000070a800000, 0x000000070a900000|  0%| F|  |TAMS 0x000000070a800000, 0x000000070a800000| Untracked 
| 169|0x000000070a900000, 0x000000070a900000, 0x000000070aa00000|  0%| F|  |TAMS 0x000000070a900000, 0x000000070a900000| Untracked 
| 170|0x000000070aa00000, 0x000000070aa00000, 0x000000070ab00000|  0%| F|  |TAMS 0x000000070aa00000, 0x000000070aa00000| Untracked 
| 171|0x000000070ab00000, 0x000000070ab00000, 0x000000070ac00000|  0%| F|  |TAMS 0x000000070ab00000, 0x000000070ab00000| Untracked 
| 172|0x000000070ac00000, 0x000000070ac00000, 0x000000070ad00000|  0%| F|  |TAMS 0x000000070ac00000, 0x000000070ac00000| Untracked 
| 173|0x000000070ad00000, 0x000000070ad00000, 0x000000070ae00000|  0%| F|  |TAMS 0x000000070ad00000, 0x000000070ad00000| Untracked 
| 174|0x000000070ae00000, 0x000000070ae00000, 0x000000070af00000|  0%| F|  |TAMS 0x000000070ae00000, 0x000000070ae00000| Untracked 
| 175|0x000000070af00000, 0x000000070af00000, 0x000000070b000000|  0%| F|  |TAMS 0x000000070af00000, 0x000000070af00000| Untracked 
| 176|0x000000070b000000, 0x000000070b000000, 0x000000070b100000|  0%| F|  |TAMS 0x000000070b000000, 0x000000070b000000| Untracked 
| 177|0x000000070b100000, 0x000000070b100000, 0x000000070b200000|  0%| F|  |TAMS 0x000000070b100000, 0x000000070b100000| Untracked 
| 178|0x000000070b200000, 0x000000070b200000, 0x000000070b300000|  0%| F|  |TAMS 0x000000070b200000, 0x000000070b200000| Untracked 
| 179|0x000000070b300000, 0x000000070b300000, 0x000000070b400000|  0%| F|  |TAMS 0x000000070b300000, 0x000000070b300000| Untracked 
| 180|0x000000070b400000, 0x000000070b400000, 0x000000070b500000|  0%| F|  |TAMS 0x000000070b400000, 0x000000070b400000| Untracked 
| 181|0x000000070b500000, 0x000000070b500000, 0x000000070b600000|  0%| F|  |TAMS 0x000000070b500000, 0x000000070b500000| Untracked 
| 182|0x000000070b600000, 0x000000070b600000, 0x000000070b700000|  0%| F|  |TAMS 0x000000070b600000, 0x000000070b600000| Untracked 
| 183|0x000000070b700000, 0x000000070b700000, 0x000000070b800000|  0%| F|  |TAMS 0x000000070b700000, 0x000000070b700000| Untracked 
| 184|0x000000070b800000, 0x000000070b800000, 0x000000070b900000|  0%| F|  |TAMS 0x000000070b800000, 0x000000070b800000| Untracked 
| 185|0x000000070b900000, 0x000000070b900000, 0x000000070ba00000|  0%| F|  |TAMS 0x000000070b900000, 0x000000070b900000| Untracked 
| 186|0x000000070ba00000, 0x000000070ba00000, 0x000000070bb00000|  0%| F|  |TAMS 0x000000070ba00000, 0x000000070ba00000| Untracked 
| 187|0x000000070bb00000, 0x000000070bb00000, 0x000000070bc00000|  0%| F|  |TAMS 0x000000070bb00000, 0x000000070bb00000| Untracked 
| 188|0x000000070bc00000, 0x000000070bc00000, 0x000000070bd00000|  0%| F|  |TAMS 0x000000070bc00000, 0x000000070bc00000| Untracked 
| 189|0x000000070bd00000, 0x000000070bd00000, 0x000000070be00000|  0%| F|  |TAMS 0x000000070bd00000, 0x000000070bd00000| Untracked 
| 190|0x000000070be00000, 0x000000070be00000, 0x000000070bf00000|  0%| F|  |TAMS 0x000000070be00000, 0x000000070be00000| Untracked 
| 191|0x000000070bf00000, 0x000000070bf00000, 0x000000070c000000|  0%| F|  |TAMS 0x000000070bf00000, 0x000000070bf00000| Untracked 
| 192|0x000000070c000000, 0x000000070c000000, 0x000000070c100000|  0%| F|  |TAMS 0x000000070c000000, 0x000000070c000000| Untracked 
| 193|0x000000070c100000, 0x000000070c100000, 0x000000070c200000|  0%| F|  |TAMS 0x000000070c100000, 0x000000070c100000| Untracked 
| 194|0x000000070c200000, 0x000000070c200000, 0x000000070c300000|  0%| F|  |TAMS 0x000000070c200000, 0x000000070c200000| Untracked 
| 195|0x000000070c300000, 0x000000070c300000, 0x000000070c400000|  0%| F|  |TAMS 0x000000070c300000, 0x000000070c300000| Untracked 
| 196|0x000000070c400000, 0x000000070c400000, 0x000000070c500000|  0%| F|  |TAMS 0x000000070c400000, 0x000000070c400000| Untracked 
| 197|0x000000070c500000, 0x000000070c500000, 0x000000070c600000|  0%| F|  |TAMS 0x000000070c500000, 0x000000070c500000| Untracked 
| 198|0x000000070c600000, 0x000000070c600000, 0x000000070c700000|  0%| F|  |TAMS 0x000000070c600000, 0x000000070c600000| Untracked 
| 199|0x000000070c700000, 0x000000070c700000, 0x000000070c800000|  0%| F|  |TAMS 0x000000070c700000, 0x000000070c700000| Untracked 
| 200|0x000000070c800000, 0x000000070c800000, 0x000000070c900000|  0%| F|  |TAMS 0x000000070c800000, 0x000000070c800000| Untracked 
| 201|0x000000070c900000, 0x000000070c900000, 0x000000070ca00000|  0%| F|  |TAMS 0x000000070c900000, 0x000000070c900000| Untracked 
| 202|0x000000070ca00000, 0x000000070ca00000, 0x000000070cb00000|  0%| F|  |TAMS 0x000000070ca00000, 0x000000070ca00000| Untracked 
| 203|0x000000070cb00000, 0x000000070cb00000, 0x000000070cc00000|  0%| F|  |TAMS 0x000000070cb00000, 0x000000070cb00000| Untracked 
| 204|0x000000070cc00000, 0x000000070cc00000, 0x000000070cd00000|  0%| F|  |TAMS 0x000000070cc00000, 0x000000070cc00000| Untracked 
| 205|0x000000070cd00000, 0x000000070cd00000, 0x000000070ce00000|  0%| F|  |TAMS 0x000000070cd00000, 0x000000070cd00000| Untracked 
| 206|0x000000070ce00000, 0x000000070ce00000, 0x000000070cf00000|  0%| F|  |TAMS 0x000000070ce00000, 0x000000070ce00000| Untracked 
| 207|0x000000070cf00000, 0x000000070cf00000, 0x000000070d000000|  0%| F|  |TAMS 0x000000070cf00000, 0x000000070cf00000| Untracked 
| 208|0x000000070d000000, 0x000000070d000000, 0x000000070d100000|  0%| F|  |TAMS 0x000000070d000000, 0x000000070d000000| Untracked 
| 209|0x000000070d100000, 0x000000070d100000, 0x000000070d200000|  0%| F|  |TAMS 0x000000070d100000, 0x000000070d100000| Untracked 
| 210|0x000000070d200000, 0x000000070d200000, 0x000000070d300000|  0%| F|  |TAMS 0x000000070d200000, 0x000000070d200000| Untracked 
| 211|0x000000070d300000, 0x000000070d300000, 0x000000070d400000|  0%| F|  |TAMS 0x000000070d300000, 0x000000070d300000| Untracked 
| 212|0x000000070d400000, 0x000000070d400000, 0x000000070d500000|  0%| F|  |TAMS 0x000000070d400000, 0x000000070d400000| Untracked 
| 213|0x000000070d500000, 0x000000070d500000, 0x000000070d600000|  0%| F|  |TAMS 0x000000070d500000, 0x000000070d500000| Untracked 
| 214|0x000000070d600000, 0x000000070d600000, 0x000000070d700000|  0%| F|  |TAMS 0x000000070d600000, 0x000000070d600000| Untracked 
| 215|0x000000070d700000, 0x000000070d700000, 0x000000070d800000|  0%| F|  |TAMS 0x000000070d700000, 0x000000070d700000| Untracked 
| 216|0x000000070d800000, 0x000000070d800000, 0x000000070d900000|  0%| F|  |TAMS 0x000000070d800000, 0x000000070d800000| Untracked 
| 217|0x000000070d900000, 0x000000070d900000, 0x000000070da00000|  0%| F|  |TAMS 0x000000070d900000, 0x000000070d900000| Untracked 
| 218|0x000000070da00000, 0x000000070da00000, 0x000000070db00000|  0%| F|  |TAMS 0x000000070da00000, 0x000000070da00000| Untracked 
| 219|0x000000070db00000, 0x000000070db00000, 0x000000070dc00000|  0%| F|  |TAMS 0x000000070db00000, 0x000000070db00000| Untracked 
| 220|0x000000070dc00000, 0x000000070dc00000, 0x000000070dd00000|  0%| F|  |TAMS 0x000000070dc00000, 0x000000070dc00000| Untracked 
| 221|0x000000070dd00000, 0x000000070dd00000, 0x000000070de00000|  0%| F|  |TAMS 0x000000070dd00000, 0x000000070dd00000| Untracked 
| 222|0x000000070de00000, 0x000000070de00000, 0x000000070df00000|  0%| F|  |TAMS 0x000000070de00000, 0x000000070de00000| Untracked 
| 223|0x000000070df00000, 0x000000070df00000, 0x000000070e000000|  0%| F|  |TAMS 0x000000070df00000, 0x000000070df00000| Untracked 
| 224|0x000000070e000000, 0x000000070e000000, 0x000000070e100000|  0%| F|  |TAMS 0x000000070e000000, 0x000000070e000000| Untracked 
| 225|0x000000070e100000, 0x000000070e100000, 0x000000070e200000|  0%| F|  |TAMS 0x000000070e100000, 0x000000070e100000| Untracked 
| 226|0x000000070e200000, 0x000000070e200000, 0x000000070e300000|  0%| F|  |TAMS 0x000000070e200000, 0x000000070e200000| Untracked 
| 227|0x000000070e300000, 0x000000070e300000, 0x000000070e400000|  0%| F|  |TAMS 0x000000070e300000, 0x000000070e300000| Untracked 
| 228|0x000000070e400000, 0x000000070e400000, 0x000000070e500000|  0%| F|  |TAMS 0x000000070e400000, 0x000000070e400000| Untracked 
| 229|0x000000070e500000, 0x000000070e500000, 0x000000070e600000|  0%| F|  |TAMS 0x000000070e500000, 0x000000070e500000| Untracked 
| 230|0x000000070e600000, 0x000000070e600000, 0x000000070e700000|  0%| F|  |TAMS 0x000000070e600000, 0x000000070e600000| Untracked 
| 231|0x000000070e700000, 0x000000070e700000, 0x000000070e800000|  0%| F|  |TAMS 0x000000070e700000, 0x000000070e700000| Untracked 
| 232|0x000000070e800000, 0x000000070e800000, 0x000000070e900000|  0%| F|  |TAMS 0x000000070e800000, 0x000000070e800000| Untracked 
| 233|0x000000070e900000, 0x000000070e900000, 0x000000070ea00000|  0%| F|  |TAMS 0x000000070e900000, 0x000000070e900000| Untracked 
| 234|0x000000070ea00000, 0x000000070ea00000, 0x000000070eb00000|  0%| F|  |TAMS 0x000000070ea00000, 0x000000070ea00000| Untracked 
| 235|0x000000070eb00000, 0x000000070eb00000, 0x000000070ec00000|  0%| F|  |TAMS 0x000000070eb00000, 0x000000070eb00000| Untracked 
| 236|0x000000070ec00000, 0x000000070ec00000, 0x000000070ed00000|  0%| F|  |TAMS 0x000000070ec00000, 0x000000070ec00000| Untracked 
| 237|0x000000070ed00000, 0x000000070ed00000, 0x000000070ee00000|  0%| F|  |TAMS 0x000000070ed00000, 0x000000070ed00000| Untracked 
| 238|0x000000070ee00000, 0x000000070ee00000, 0x000000070ef00000|  0%| F|  |TAMS 0x000000070ee00000, 0x000000070ee00000| Untracked 
| 239|0x000000070ef00000, 0x000000070ef00000, 0x000000070f000000|  0%| F|  |TAMS 0x000000070ef00000, 0x000000070ef00000| Untracked 
| 240|0x000000070f000000, 0x000000070f000000, 0x000000070f100000|  0%| F|  |TAMS 0x000000070f000000, 0x000000070f000000| Untracked 
| 241|0x000000070f100000, 0x000000070f100000, 0x000000070f200000|  0%| F|  |TAMS 0x000000070f100000, 0x000000070f100000| Untracked 
| 242|0x000000070f200000, 0x000000070f200000, 0x000000070f300000|  0%| F|  |TAMS 0x000000070f200000, 0x000000070f200000| Untracked 
| 243|0x000000070f300000, 0x000000070f300000, 0x000000070f400000|  0%| F|  |TAMS 0x000000070f300000, 0x000000070f300000| Untracked 
| 244|0x000000070f400000, 0x000000070f4e4f00, 0x000000070f500000| 89%| S|CS|TAMS 0x000000070f400000, 0x000000070f400000| Complete 
| 245|0x000000070f500000, 0x000000070f600000, 0x000000070f600000|100%| S|CS|TAMS 0x000000070f500000, 0x000000070f500000| Complete 
| 246|0x000000070f600000, 0x000000070f700000, 0x000000070f700000|100%| S|CS|TAMS 0x000000070f600000, 0x000000070f600000| Complete 
| 247|0x000000070f700000, 0x000000070f700000, 0x000000070f800000|  0%| F|  |TAMS 0x000000070f700000, 0x000000070f700000| Untracked 
| 248|0x000000070f800000, 0x000000070f800000, 0x000000070f900000|  0%| F|  |TAMS 0x000000070f800000, 0x000000070f800000| Untracked 
| 249|0x000000070f900000, 0x000000070f900000, 0x000000070fa00000|  0%| F|  |TAMS 0x000000070f900000, 0x000000070f900000| Untracked 
| 250|0x000000070fa00000, 0x000000070fa00000, 0x000000070fb00000|  0%| F|  |TAMS 0x000000070fa00000, 0x000000070fa00000| Untracked 
| 251|0x000000070fb00000, 0x000000070fb00000, 0x000000070fc00000|  0%| F|  |TAMS 0x000000070fb00000, 0x000000070fb00000| Untracked 
| 252|0x000000070fc00000, 0x000000070fc00000, 0x000000070fd00000|  0%| F|  |TAMS 0x000000070fc00000, 0x000000070fc00000| Untracked 
| 253|0x000000070fd00000, 0x000000070fd00000, 0x000000070fe00000|  0%| F|  |TAMS 0x000000070fd00000, 0x000000070fd00000| Untracked 
| 254|0x000000070fe00000, 0x000000070fe00000, 0x000000070ff00000|  0%| F|  |TAMS 0x000000070fe00000, 0x000000070fe00000| Untracked 
| 255|0x000000070ff00000, 0x000000070ff00000, 0x0000000710000000|  0%| F|  |TAMS 0x000000070ff00000, 0x000000070ff00000| Untracked 
| 256|0x0000000710000000, 0x0000000710000000, 0x0000000710100000|  0%| F|  |TAMS 0x0000000710000000, 0x0000000710000000| Untracked 
| 257|0x0000000710100000, 0x0000000710100000, 0x0000000710200000|  0%| F|  |TAMS 0x0000000710100000, 0x0000000710100000| Untracked 
| 258|0x0000000710200000, 0x0000000710200000, 0x0000000710300000|  0%| F|  |TAMS 0x0000000710200000, 0x0000000710200000| Untracked 
| 259|0x0000000710300000, 0x0000000710300000, 0x0000000710400000|  0%| F|  |TAMS 0x0000000710300000, 0x0000000710300000| Untracked 
| 260|0x0000000710400000, 0x0000000710400000, 0x0000000710500000|  0%| F|  |TAMS 0x0000000710400000, 0x0000000710400000| Untracked 
| 261|0x0000000710500000, 0x0000000710500000, 0x0000000710600000|  0%| F|  |TAMS 0x0000000710500000, 0x0000000710500000| Untracked 
| 262|0x0000000710600000, 0x0000000710600000, 0x0000000710700000|  0%| F|  |TAMS 0x0000000710600000, 0x0000000710600000| Untracked 
| 263|0x0000000710700000, 0x0000000710700000, 0x0000000710800000|  0%| F|  |TAMS 0x0000000710700000, 0x0000000710700000| Untracked 
| 264|0x0000000710800000, 0x0000000710800000, 0x0000000710900000|  0%| F|  |TAMS 0x0000000710800000, 0x0000000710800000| Untracked 
| 265|0x0000000710900000, 0x0000000710900000, 0x0000000710a00000|  0%| F|  |TAMS 0x0000000710900000, 0x0000000710900000| Untracked 
| 266|0x0000000710a00000, 0x0000000710a00000, 0x0000000710b00000|  0%| F|  |TAMS 0x0000000710a00000, 0x0000000710a00000| Untracked 
| 267|0x0000000710b00000, 0x0000000710b00000, 0x0000000710c00000|  0%| F|  |TAMS 0x0000000710b00000, 0x0000000710b00000| Untracked 
| 268|0x0000000710c00000, 0x0000000710c00000, 0x0000000710d00000|  0%| F|  |TAMS 0x0000000710c00000, 0x0000000710c00000| Untracked 
| 269|0x0000000710d00000, 0x0000000710d00000, 0x0000000710e00000|  0%| F|  |TAMS 0x0000000710d00000, 0x0000000710d00000| Untracked 
| 270|0x0000000710e00000, 0x0000000710e00000, 0x0000000710f00000|  0%| F|  |TAMS 0x0000000710e00000, 0x0000000710e00000| Untracked 
| 271|0x0000000710f00000, 0x0000000710f00000, 0x0000000711000000|  0%| F|  |TAMS 0x0000000710f00000, 0x0000000710f00000| Untracked 
| 272|0x0000000711000000, 0x0000000711000000, 0x0000000711100000|  0%| F|  |TAMS 0x0000000711000000, 0x0000000711000000| Untracked 
| 273|0x0000000711100000, 0x0000000711100000, 0x0000000711200000|  0%| F|  |TAMS 0x0000000711100000, 0x0000000711100000| Untracked 
| 274|0x0000000711200000, 0x0000000711200000, 0x0000000711300000|  0%| F|  |TAMS 0x0000000711200000, 0x0000000711200000| Untracked 
| 275|0x0000000711300000, 0x0000000711300000, 0x0000000711400000|  0%| F|  |TAMS 0x0000000711300000, 0x0000000711300000| Untracked 
| 276|0x0000000711400000, 0x0000000711400000, 0x0000000711500000|  0%| F|  |TAMS 0x0000000711400000, 0x0000000711400000| Untracked 
| 277|0x0000000711500000, 0x0000000711500000, 0x0000000711600000|  0%| F|  |TAMS 0x0000000711500000, 0x0000000711500000| Untracked 
| 278|0x0000000711600000, 0x0000000711600000, 0x0000000711700000|  0%| F|  |TAMS 0x0000000711600000, 0x0000000711600000| Untracked 
| 279|0x0000000711700000, 0x0000000711700000, 0x0000000711800000|  0%| F|  |TAMS 0x0000000711700000, 0x0000000711700000| Untracked 
| 280|0x0000000711800000, 0x0000000711800000, 0x0000000711900000|  0%| F|  |TAMS 0x0000000711800000, 0x0000000711800000| Untracked 
| 281|0x0000000711900000, 0x0000000711900000, 0x0000000711a00000|  0%| F|  |TAMS 0x0000000711900000, 0x0000000711900000| Untracked 
| 282|0x0000000711a00000, 0x0000000711a00000, 0x0000000711b00000|  0%| F|  |TAMS 0x0000000711a00000, 0x0000000711a00000| Untracked 
| 283|0x0000000711b00000, 0x0000000711b00000, 0x0000000711c00000|  0%| F|  |TAMS 0x0000000711b00000, 0x0000000711b00000| Untracked 
| 284|0x0000000711c00000, 0x0000000711c00000, 0x0000000711d00000|  0%| F|  |TAMS 0x0000000711c00000, 0x0000000711c00000| Untracked 
| 285|0x0000000711d00000, 0x0000000711d00000, 0x0000000711e00000|  0%| F|  |TAMS 0x0000000711d00000, 0x0000000711d00000| Untracked 
| 286|0x0000000711e00000, 0x0000000711e80000, 0x0000000711f00000| 50%| E|  |TAMS 0x0000000711e00000, 0x0000000711e00000| Complete 
|3070|0x00000007bfe00000, 0x00000007bfe51000, 0x00000007bff00000| 31%|OA|  |TAMS 0x00000007bfe51000, 0x00000007bfe00000| Untracked 
|3071|0x00000007bff00000, 0x00000007bff7b000, 0x00000007c0000000| 48%|CA|  |TAMS 0x00000007bff7b000, 0x00000007bff00000| Untracked 

Card table byte_map: [0x0000000115b03000,0x0000000116303000] _byte_map_base: 0x0000000112303000

Marking Bits (Prev, Next): (CMBitMap*) 0x00007f9e6683ea58, (CMBitMap*) 0x00007f9e6683ea18
 Prev Bits: [0x000000012d4b5000, 0x00000001314b5000)
 Next Bits: [0x00000001294b5000, 0x000000012d4b5000)

Polling page: 0x000000010ab2b000

Metaspace:

Usage:
  Non-class:      5.38 MB capacity,     5.07 MB ( 94%) used,   304.35 KB (  6%) free+waste,    12.25 KB ( <1%) overhead. 
      Class:    655.00 KB capacity,   583.84 KB ( 89%) used,    64.23 KB ( 10%) free+waste,     6.94 KB (  1%) overhead. 
       Both:      6.02 MB capacity,     5.64 MB ( 94%) used,   368.58 KB (  6%) free+waste,    19.19 KB ( <1%) overhead. 

Virtual space:
  Non-class space:        8.00 MB reserved,       5.50 MB ( 69%) committed 
      Class space:        1.00 GB reserved,     768.00 KB ( <1%) committed 
             Both:        1.01 GB reserved,       6.25 MB ( <1%) committed 

Chunk freelists:
   Non-Class:  8.00 KB
       Class:  0 bytes
        Both:  8.00 KB

MaxMetaspaceSize: unlimited
CompressedClassSpaceSize: 1.00 GB

CodeHeap 'non-profiled nmethods': size=120028Kb used=393Kb max_used=393Kb free=119634Kb
 bounds [0x0000000121f7e000, 0x00000001221ee000, 0x00000001294b5000]
CodeHeap 'profiled nmethods': size=120028Kb used=1811Kb max_used=1811Kb free=118216Kb
 bounds [0x000000011aa47000, 0x000000011acb7000, 0x0000000121f7e000]
CodeHeap 'non-nmethods': size=5704Kb used=1186Kb max_used=1224Kb free=4517Kb
 bounds [0x000000011a4b5000, 0x000000011a725000, 0x000000011aa47000]
 total_blobs=1430 nmethods=978 adapters=366
 compilation: enabled
              stopped_count=0, restarted_count=0
 full_count=0

Compilation events (20 events):
Event: 2.564 Thread 0x00007f9e668ad800  970       4       java.awt.color.ICC_Profile::getNumComponents (338 bytes)
Event: 2.565 Thread 0x00007f9e668ad800 nmethod 970 0x0000000121fda810 code [0x0000000121fda9e0, 0x0000000121fdab88]
Event: 2.623 Thread 0x00007f9e668ad800  971       4       sun.java2d.cmm.lcms.LCMSImageLayout::createImageLayout (212 bytes)
Event: 2.633 Thread 0x00007f9e668ad800 nmethod 971 0x0000000121fdad10 code [0x0000000121fdaf80, 0x0000000121fdb7b8]
Event: 2.907 Thread 0x00007f9e668ad800  972       4       com.sun.imageio.plugins.jpeg.JPEGBuffer::scanForFF (162 bytes)
Event: 2.917 Thread 0x00007f9e668ad800 nmethod 972 0x0000000121fdbc90 code [0x0000000121fdbf40, 0x0000000121fdc7c8]
Event: 2.917 Thread 0x00007f9e668ad800  973       4       com.sun.imageio.plugins.jpeg.JPEGBuffer::loadBuf (197 bytes)
Event: 2.920 Thread 0x00007f9e668ad800 nmethod 973 0x0000000121fdcc90 code [0x0000000121fdcec0, 0x0000000121fdd2e8]
Event: 2.954 Thread 0x00007f9e668ad800  974       4       sun.awt.image.ByteInterleavedRaster::getByteData (851 bytes)
Event: 2.990 Thread 0x00007f9e668ad800 nmethod 974 0x0000000121fdd590 code [0x0000000121fdd900, 0x0000000121fdf3b8]
Event: 2.990 Thread 0x00007f9e668ad800  975       4       sun.awt.image.ByteInterleavedRaster::setDataElements (15 bytes)
Event: 2.991 Thread 0x00007f9e668ad800 nmethod 975 0x0000000121fdfe90 code [0x0000000121fe0020, 0x0000000121fe0128]
Event: 3.004 Thread 0x00007f9e668ad800  976       4       sun.awt.image.ByteInterleavedRaster::getDataElements (15 bytes)
Event: 3.005 Thread 0x00007f9e668ad800 nmethod 976 0x0000000121fe0210 code [0x0000000121fe03a0, 0x0000000121fe0488]
Event: 3.290 Thread 0x00007f9e64811000  977   !   3       java.util.zip.ZipFile::getInputStream (323 bytes)
Event: 3.291 Thread 0x00007f9e64811000 nmethod 977 0x000000011ac07c90 code [0x000000011ac07fe0, 0x000000011ac09970]
Event: 3.291 Thread 0x00007f9e64811000  978       3       java.util.zip.ZipFile$ZipFileInputStream::<init> (96 bytes)
Event: 3.292 Thread 0x00007f9e64811000 nmethod 978 0x000000011ac0a790 code [0x000000011ac0a9c0, 0x000000011ac0b440]
Event: 3.414 Thread 0x00007f9e64811000  979       3       java.lang.Integer::numberOfLeadingZeros (79 bytes)
Event: 3.414 Thread 0x00007f9e64811000 nmethod 979 0x000000011ac0b890 code [0x000000011ac0ba20, 0x000000011ac0bcb0]

GC Heap History (6 events):
Event: 2.296 GC heap before
{Heap before GC invocations=0 (full 0):
 garbage-first heap   total 264192K, used 80688K [0x0000000700000000, 0x0000000800000000)
  region size 1024K, 23 young (23552K), 0 survivors (0K)
 Metaspace       used 5590K, capacity 6167K, committed 6400K, reserved 1056768K
  class space    used 571K, capacity 655K, committed 768K, reserved 1048576K
}
Event: 2.299 GC heap after
{Heap after GC invocations=1 (full 0):
 garbage-first heap   total 264192K, used 60913K [0x0000000700000000, 0x0000000800000000)
  region size 1024K, 3 young (3072K), 3 survivors (3072K)
 Metaspace       used 5590K, capacity 6167K, committed 6400K, reserved 1056768K
  class space    used 571K, capacity 655K, committed 768K, reserved 1048576K
}
Event: 2.795 GC heap before
{Heap before GC invocations=1 (full 0):
 garbage-first heap   total 264192K, used 101873K [0x0000000700000000, 0x0000000800000000)
  region size 1024K, 43 young (44032K), 3 survivors (3072K)
 Metaspace       used 5595K, capacity 6167K, committed 6400K, reserved 1056768K
  class space    used 571K, capacity 655K, committed 768K, reserved 1048576K
}
Event: 2.798 GC heap after
{Heap after GC invocations=2 (full 0):
 garbage-first heap   total 264192K, used 61053K [0x0000000700000000, 0x0000000800000000)
  region size 1024K, 3 young (3072K), 3 survivors (3072K)
 Metaspace       used 5595K, capacity 6167K, committed 6400K, reserved 1056768K
  class space    used 571K, capacity 655K, committed 768K, reserved 1048576K
}
Event: 3.096 GC heap before
{Heap before GC invocations=2 (full 0):
 garbage-first heap   total 264192K, used 126589K [0x0000000700000000, 0x0000000800000000)
  region size 1024K, 12 young (12288K), 3 survivors (3072K)
 Metaspace       used 5749K, capacity 6167K, committed 6400K, reserved 1056768K
  class space    used 582K, capacity 655K, committed 768K, reserved 1048576K
}
Event: 3.098 GC heap after
{Heap after GC invocations=3 (full 0):
 garbage-first heap   total 264192K, used 118467K [0x0000000700000000, 0x0000000800000000)
  region size 1024K, 3 young (3072K), 3 survivors (3072K)
 Metaspace       used 5749K, capacity 6167K, committed 6400K, reserved 1056768K
  class space    used 582K, capacity 655K, committed 768K, reserved 1048576K
}

Deoptimization events (20 events):
Event: 2.916 Thread 0x00007f9e6680d800 DEOPT PACKING pc=0x000000011ab8f3a5 sp=0x000070000354b690
Event: 2.916 Thread 0x00007f9e6680d800 DEOPT UNPACKING pc=0x000000011a4fe33a sp=0x000070000354ab68 mode 0
Event: 2.916 Thread 0x00007f9e6680d800 DEOPT PACKING pc=0x000000011ab8f3a5 sp=0x000070000354b690
Event: 2.916 Thread 0x00007f9e6680d800 DEOPT UNPACKING pc=0x000000011a4fe33a sp=0x000070000354ab68 mode 0
Event: 2.916 Thread 0x00007f9e6680d800 DEOPT PACKING pc=0x000000011ab8f3a5 sp=0x000070000354b690
Event: 2.916 Thread 0x00007f9e6680d800 DEOPT UNPACKING pc=0x000000011a4fe33a sp=0x000070000354ab68 mode 0
Event: 2.916 Thread 0x00007f9e6680d800 DEOPT PACKING pc=0x000000011ab8f3a5 sp=0x000070000354b690
Event: 2.916 Thread 0x00007f9e6680d800 DEOPT UNPACKING pc=0x000000011a4fe33a sp=0x000070000354ab68 mode 0
Event: 2.917 Thread 0x00007f9e6680d800 DEOPT PACKING pc=0x000000011ab8f3a5 sp=0x000070000354b690
Event: 2.917 Thread 0x00007f9e6680d800 DEOPT UNPACKING pc=0x000000011a4fe33a sp=0x000070000354ab68 mode 0
Event: 2.917 Thread 0x00007f9e6680d800 DEOPT PACKING pc=0x000000011ab8f3a5 sp=0x000070000354b690
Event: 2.917 Thread 0x00007f9e6680d800 DEOPT UNPACKING pc=0x000000011a4fe33a sp=0x000070000354ab68 mode 0
Event: 2.917 Thread 0x00007f9e6680d800 DEOPT PACKING pc=0x000000011ab8f3a5 sp=0x000070000354b690
Event: 2.917 Thread 0x00007f9e6680d800 DEOPT UNPACKING pc=0x000000011a4fe33a sp=0x000070000354ab68 mode 0
Event: 2.917 Thread 0x00007f9e6680d800 DEOPT PACKING pc=0x000000011ab8f3a5 sp=0x000070000354b690
Event: 2.917 Thread 0x00007f9e6680d800 DEOPT UNPACKING pc=0x000000011a4fe33a sp=0x000070000354ab68 mode 0
Event: 2.926 Thread 0x00007f9e6680d800 Uncommon trap: trap_request=0xffffff45 fr.pc=0x0000000121fd7198 relative=0x0000000000000078
Event: 2.926 Thread 0x00007f9e6680d800 Uncommon trap: reason=unstable_if action=reinterpret pc=0x0000000121fd7198 method=java.lang.Integer.equals(Ljava/lang/Object;)Z @ 18 c2
Event: 2.926 Thread 0x00007f9e6680d800 DEOPT PACKING pc=0x0000000121fd7198 sp=0x000070000354b440
Event: 2.926 Thread 0x00007f9e6680d800 DEOPT UNPACKING pc=0x000000011a4fde25 sp=0x000070000354b3f8 mode 2

Classes unloaded (0 events):
No events

Classes redefined (0 events):
No events

Internal exceptions (8 events):
Event: 0.242 Thread 0x00007f9e6680d800 Exception <a 'java/lang/ClassNotFoundException'{0x000000070fbcfc20}: javax/smartcardio/CardPermission> (0x000000070fbcfc20) 
thrown [./open/src/hotspot/share/classfile/systemDictionary.cpp, line 226]
Event: 0.246 Thread 0x00007f9e6680d800 Exception <a 'java/io/FileNotFoundException'{0x000000070fbdd018}> (0x000000070fbdd018) 
thrown [./open/src/hotspot/share/prims/jni.cpp, line 599]
Event: 0.340 Thread 0x00007f9e6680d800 Exception <a 'java/lang/ClassNotFoundException'{0x000000070f9d1988}: sun/awt/resources/spi/awtProvider> (0x000000070f9d1988) 
thrown [./open/src/hotspot/share/classfile/systemDictionary.cpp, line 226]
Event: 0.365 Thread 0x00007f9e6680d800 Exception <a 'java/io/FileNotFoundException'{0x000000070f80e1b0}> (0x000000070f80e1b0) 
thrown [./open/src/hotspot/share/prims/jni.cpp, line 599]
Event: 0.373 Thread 0x00007f9e6680d800 Exception <a 'java/io/FileNotFoundException'{0x000000070f834408}> (0x000000070f834408) 
thrown [./open/src/hotspot/share/prims/jni.cpp, line 599]
Event: 0.466 Thread 0x00007f9e6680d800 Exception <a 'java/lang/NoSuchMethodError'{0x000000070f62d220}: 'java.lang.Object java.lang.invoke.Invokers$Holder.linkToTargetMethod(java.lang.Object, int, java.lang.Object, java.lang.Object)'> (0x000000070f62d220) 
thrown [./open/src/hotspot/share/interpreter/linkResolver.cpp, line 766]
Event: 1.515 Thread 0x00007f9e6680d800 Exception <a 'java/lang/UnsatisfiedLinkError'{0x000000070f552678}: dlopen(libtesseract.dylib, 9): image not found> (0x000000070f552678) 
thrown [./open/src/hotspot/share/prims/jni.cpp, line 620]
Event: 1.516 Thread 0x00007f9e6680d800 Exception <a 'java/lang/UnsatisfiedLinkError'{0x000000070f553ad8}: dlopen(libtesseract.dylib, 9): image not found> (0x000000070f553ad8) 
thrown [./open/src/hotspot/share/prims/jni.cpp, line 620]

Events (20 events):
Event: 2.906 loading class com/sun/imageio/plugins/jpeg/DHTMarkerSegment
Event: 2.906 loading class com/sun/imageio/plugins/jpeg/DHTMarkerSegment done
Event: 2.906 loading class com/sun/imageio/plugins/jpeg/DHTMarkerSegment$Htable
Event: 2.906 loading class com/sun/imageio/plugins/jpeg/DHTMarkerSegment$Htable done
Event: 2.906 loading class com/sun/imageio/plugins/jpeg/SOSMarkerSegment
Event: 2.906 loading class com/sun/imageio/plugins/jpeg/SOSMarkerSegment done
Event: 2.906 loading class com/sun/imageio/plugins/jpeg/SOSMarkerSegment$ScanComponentSpec
Event: 2.906 loading class com/sun/imageio/plugins/jpeg/SOSMarkerSegment$ScanComponentSpec done
Event: 2.926 loading class com/sun/imageio/plugins/jpeg/AdobeMarkerSegment
Event: 2.926 loading class com/sun/imageio/plugins/jpeg/AdobeMarkerSegment done
Event: 2.926 loading class javax/imageio/IIOImage
Event: 2.926 loading class javax/imageio/IIOImage done
Event: 3.096 Executing VM operation: G1TryInitiateConcMark
Event: 3.098 Executing VM operation: G1TryInitiateConcMark done
Event: 3.101 Executing VM operation: G1Concurrent
Event: 3.128 Executing VM operation: G1Concurrent done
Event: 3.129 Executing VM operation: G1Concurrent
Event: 3.129 Executing VM operation: G1Concurrent done
Event: 3.290 loading class java/lang/StrictMath
Event: 3.290 loading class java/lang/StrictMath done


Dynamic libraries:
0x00007fff68078000 	/usr/lib/libz.1.dylib
0x000000010aafa000 	/Library/Java/JavaVirtualMachines/jdk-14.0.2.jdk/Contents/Home/lib/libjli.dylib
0x00007fff2ec05000 	/System/Library/Frameworks/Cocoa.framework/Versions/A/Cocoa
0x00007fff3c1e2000 	/System/Library/Frameworks/Security.framework/Versions/A/Security
0x00007fff2db6b000 	/System/Library/Frameworks/ApplicationServices.framework/Versions/A/ApplicationServices
0x00007fff65b3a000 	/usr/lib/libSystem.B.dylib
0x00007fff68939000 	/usr/lib/system/libcache.dylib
0x00007fff6893f000 	/usr/lib/system/libcommonCrypto.dylib
0x00007fff6894b000 	/usr/lib/system/libcompiler_rt.dylib
0x00007fff68953000 	/usr/lib/system/libcopyfile.dylib
0x00007fff6895d000 	/usr/lib/system/libcorecrypto.dylib
0x00007fff68afc000 	/usr/lib/system/libdispatch.dylib
0x00007fff68b3d000 	/usr/lib/system/libdyld.dylib
0x00007fff68b74000 	/usr/lib/system/libkeymgr.dylib
0x00007fff68b82000 	/usr/lib/system/liblaunch.dylib
0x00007fff68b83000 	/usr/lib/system/libmacho.dylib
0x00007fff68b89000 	/usr/lib/system/libquarantine.dylib
0x00007fff68b8c000 	/usr/lib/system/libremovefile.dylib
0x00007fff68b8e000 	/usr/lib/system/libsystem_asl.dylib
0x00007fff68ba6000 	/usr/lib/system/libsystem_blocks.dylib
0x00007fff68ba7000 	/usr/lib/system/libsystem_c.dylib
0x00007fff68c2f000 	/usr/lib/system/libsystem_configuration.dylib
0x00007fff68c33000 	/usr/lib/system/libsystem_coreservices.dylib
0x00007fff68c37000 	/usr/lib/system/libsystem_darwin.dylib
0x00007fff68c40000 	/usr/lib/system/libsystem_dnssd.dylib
0x00007fff68c48000 	/usr/lib/system/libsystem_featureflags.dylib
0x00007fff68c4a000 	/usr/lib/system/libsystem_info.dylib
0x00007fff68cc5000 	/usr/lib/system/libsystem_m.dylib
0x00007fff68d0d000 	/usr/lib/system/libsystem_malloc.dylib
0x00007fff68d35000 	/usr/lib/system/libsystem_networkextension.dylib
0x00007fff68d43000 	/usr/lib/system/libsystem_notify.dylib
0x00007fff68d61000 	/usr/lib/system/libsystem_sandbox.dylib
0x00007fff68d66000 	/usr/lib/system/libsystem_secinit.dylib
0x00007fff68c98000 	/usr/lib/system/libsystem_kernel.dylib
0x00007fff68d4d000 	/usr/lib/system/libsystem_platform.dylib
0x00007fff68d56000 	/usr/lib/system/libsystem_pthread.dylib
0x00007fff68d69000 	/usr/lib/system/libsystem_symptoms.dylib
0x00007fff68d71000 	/usr/lib/system/libsystem_trace.dylib
0x00007fff68d89000 	/usr/lib/system/libunwind.dylib
0x00007fff68d8f000 	/usr/lib/system/libxpc.dylib
0x00007fff6799c000 	/usr/lib/libobjc.A.dylib
0x00007fff65e73000 	/usr/lib/libc++abi.dylib
0x00007fff65e20000 	/usr/lib/libc++.1.dylib
0x00007fff2fa55000 	/System/Library/Frameworks/CoreFoundation.framework/Versions/A/CoreFoundation
0x00007fff32117000 	/System/Library/Frameworks/Foundation.framework/Versions/C/Foundation
0x00007fff2cd5d000 	/System/Library/Frameworks/AppKit.framework/Versions/C/AppKit
0x00007fff2f537000 	/System/Library/Frameworks/CoreData.framework/Versions/A/CoreData
0x00007fff5fee5000 	/System/Library/PrivateFrameworks/UIFoundation.framework/Versions/A/UIFoundation
0x00007fff5b6fb000 	/System/Library/PrivateFrameworks/RemoteViewServices.framework/Versions/A/RemoteViewServices
0x00007fff626aa000 	/System/Library/PrivateFrameworks/XCTTargetBootstrap.framework/Versions/A/XCTTargetBootstrap
0x00007fff2f922000 	/System/Library/Frameworks/CoreDisplay.framework/Versions/A/CoreDisplay
0x00007fff34fd2000 	/System/Library/Frameworks/Metal.framework/Versions/A/Metal
0x00007fff49893000 	/System/Library/PrivateFrameworks/DesktopServicesPriv.framework/Versions/A/DesktopServicesPriv
0x00007fff66c77000 	/usr/lib/liblangid.dylib
0x00007fff48b28000 	/System/Library/PrivateFrameworks/CoreSVG.framework/Versions/A/CoreSVG
0x00007fff5e0d5000 	/System/Library/PrivateFrameworks/SkyLight.framework/Versions/A/SkyLight
0x00007fff2fed7000 	/System/Library/Frameworks/CoreGraphics.framework/Versions/A/CoreGraphics
0x00007fff2b731000 	/System/Library/Frameworks/Accelerate.framework/Versions/A/Accelerate
0x00007fff67f69000 	/usr/lib/libxml2.2.dylib
0x00007fff5481f000 	/System/Library/PrivateFrameworks/IconServices.framework/Versions/A/IconServices
0x00007fff328f6000 	/System/Library/Frameworks/IOSurface.framework/Versions/A/IOSurface
0x00007fff65664000 	/usr/lib/libDiagnosticMessagesClient.dylib
0x00007fff496ed000 	/System/Library/PrivateFrameworks/DFRFoundation.framework/Versions/A/DFRFoundation
0x00007fff66a06000 	/usr/lib/libicucore.A.dylib
0x00007fff2de9d000 	/System/Library/Frameworks/AudioToolbox.framework/Versions/A/AudioToolbox
0x00007fff2df80000 	/System/Library/Frameworks/AudioUnit.framework/Versions/A/AudioUnit
0x00007fff65d3c000 	/usr/lib/libauto.dylib
0x00007fff4978f000 	/System/Library/PrivateFrameworks/DataDetectorsCore.framework/Versions/A/DataDetectorsCore
0x00007fff2e726000 	/System/Library/Frameworks/Carbon.framework/Versions/A/Frameworks/HIToolbox.framework/Versions/A/HIToolbox
0x00007fff3b3db000 	/System/Library/Frameworks/QuartzCore.framework/Versions/A/QuartzCore
0x00007fff2ea65000 	/System/Library/Frameworks/Carbon.framework/Versions/A/Frameworks/SpeechRecognition.framework/Versions/A/SpeechRecognition
0x00007fff49201000 	/System/Library/PrivateFrameworks/CoreUI.framework/Versions/A/CoreUI
0x00007fff2eff4000 	/System/Library/Frameworks/CoreAudio.framework/Versions/A/CoreAudio
0x00007fff31dd5000 	/System/Library/Frameworks/DiskArbitration.framework/Versions/A/DiskArbitration
0x00007fff566d4000 	/System/Library/PrivateFrameworks/MultitouchSupport.framework/Versions/A/MultitouchSupport
0x00007fff668cb000 	/usr/lib/libenergytrace.dylib
0x00007fff32850000 	/System/Library/Frameworks/IOKit.framework/Versions/A/IOKit
0x00007fff30e3f000 	/System/Library/Frameworks/CoreServices.framework/Versions/A/CoreServices
0x00007fff5888e000 	/System/Library/PrivateFrameworks/PerformanceAnalysis.framework/Versions/A/PerformanceAnalysis
0x00007fff3a40e000 	/System/Library/Frameworks/OpenGL.framework/Versions/A/OpenGL
0x00007fff2ec13000 	/System/Library/Frameworks/ColorSync.framework/Versions/A/ColorSync
0x00007fff3055a000 	/System/Library/Frameworks/CoreImage.framework/Versions/A/CoreImage
0x00007fff318b3000 	/System/Library/Frameworks/CoreText.framework/Versions/A/CoreText
0x00007fff32986000 	/System/Library/Frameworks/ImageIO.framework/Versions/A/ImageIO
0x00007fff65e9c000 	/usr/lib/libcompression.dylib
0x00007fff659a8000 	/usr/lib/libMobileGestalt.dylib
0x00007fff5fc4f000 	/System/Library/PrivateFrameworks/TextureIO.framework/Versions/A/TextureIO
0x00007fff65c9f000 	/usr/lib/libate.dylib
0x00007fff54a28000 	/System/Library/PrivateFrameworks/InternationalSupport.framework/Versions/A/InternationalSupport
0x00007fff66c79000 	/usr/lib/liblzma.5.dylib
0x00007fff668f4000 	/usr/lib/libfakelink.dylib
0x00007fff65c2c000 	/usr/lib/libarchive.2.dylib
0x00007fff3d295000 	/System/Library/Frameworks/SystemConfiguration.framework/Versions/A/SystemConfiguration
0x00007fff65597000 	/usr/lib/libCRFSuite.dylib
0x00007fff2e317000 	/System/Library/Frameworks/CFNetwork.framework/Versions/A/CFNetwork
0x00007fff65e02000 	/usr/lib/libbsm.0.dylib
0x00007fff68b75000 	/usr/lib/system/libkxld.dylib
0x00007fff4304f000 	/System/Library/PrivateFrameworks/AppleFSCompression.framework/Versions/A/AppleFSCompression
0x00007fff6618d000 	/usr/lib/libcoretls.dylib
0x00007fff661a4000 	/usr/lib/libcoretls_cfhelpers.dylib
0x00007fff679e2000 	/usr/lib/libpam.2.dylib
0x00007fff67b17000 	/usr/lib/libsqlite3.dylib
0x00007fff67f56000 	/usr/lib/libxar.1.dylib
0x00007fff65e13000 	/usr/lib/libbz2.1.0.dylib
0x00007fff66915000 	/usr/lib/libiconv.2.dylib
0x00007fff65e89000 	/usr/lib/libcharset.1.dylib
0x00007fff6747f000 	/usr/lib/libnetwork.dylib
0x00007fff679e9000 	/usr/lib/libpcap.A.dylib
0x00007fff65be1000 	/usr/lib/libapple_nghttp2.dylib
0x00007fff311f6000 	/System/Library/Frameworks/CoreServices.framework/Versions/A/Frameworks/FSEvents.framework/Versions/A/FSEvents
0x00007fff30ec6000 	/System/Library/Frameworks/CoreServices.framework/Versions/A/Frameworks/CarbonCore.framework/Versions/A/CarbonCore
0x00007fff3143b000 	/System/Library/Frameworks/CoreServices.framework/Versions/A/Frameworks/Metadata.framework/Versions/A/Metadata
0x00007fff314d4000 	/System/Library/Frameworks/CoreServices.framework/Versions/A/Frameworks/OSServices.framework/Versions/A/OSServices
0x00007fff31502000 	/System/Library/Frameworks/CoreServices.framework/Versions/A/Frameworks/SearchKit.framework/Versions/A/SearchKit
0x00007fff30e40000 	/System/Library/Frameworks/CoreServices.framework/Versions/A/Frameworks/AE.framework/Versions/A/AE
0x00007fff311ff000 	/System/Library/Frameworks/CoreServices.framework/Versions/A/Frameworks/LaunchServices.framework/Versions/A/LaunchServices
0x00007fff311a8000 	/System/Library/Frameworks/CoreServices.framework/Versions/A/Frameworks/DictionaryServices.framework/Versions/A/DictionaryServices
0x00007fff3156a000 	/System/Library/Frameworks/CoreServices.framework/Versions/A/Frameworks/SharedFileList.framework/Versions/A/SharedFileList
0x00007fff3622d000 	/System/Library/Frameworks/NetFS.framework/Versions/A/NetFS
0x00007fff56c04000 	/System/Library/PrivateFrameworks/NetAuth.framework/Versions/A/NetAuth
0x00007fff62a77000 	/System/Library/PrivateFrameworks/login.framework/Versions/A/Frameworks/loginsupport.framework/Versions/A/loginsupport
0x00007fff5f71a000 	/System/Library/PrivateFrameworks/TCC.framework/Versions/A/TCC
0x00007fff47c85000 	/System/Library/PrivateFrameworks/CoreNLP.framework/Versions/A/CoreNLP
0x00007fff5628f000 	/System/Library/PrivateFrameworks/MetadataUtilities.framework/Versions/A/MetadataUtilities
0x00007fff66d51000 	/usr/lib/libmecabra.dylib
0x00007fff66ca9000 	/usr/lib/libmecab.dylib
0x00007fff66905000 	/usr/lib/libgermantok.dylib
0x00007fff65bc8000 	/usr/lib/libThaiTokenizer.dylib
0x00007fff655ce000 	/usr/lib/libChineseTokenizer.dylib
0x00007fff2b749000 	/System/Library/Frameworks/Accelerate.framework/Versions/A/Frameworks/vImage.framework/Versions/A/vImage
0x00007fff2cbb3000 	/System/Library/Frameworks/Accelerate.framework/Versions/A/Frameworks/vecLib.framework/Versions/A/vecLib
0x00007fff2caf0000 	/System/Library/Frameworks/Accelerate.framework/Versions/A/Frameworks/vecLib.framework/Versions/A/libvMisc.dylib
0x00007fff2c918000 	/System/Library/Frameworks/Accelerate.framework/Versions/A/Frameworks/vecLib.framework/Versions/A/libvDSP.dylib
0x00007fff2bda0000 	/System/Library/Frameworks/Accelerate.framework/Versions/A/Frameworks/vecLib.framework/Versions/A/libBLAS.dylib
0x00007fff2c4dc000 	/System/Library/Frameworks/Accelerate.framework/Versions/A/Frameworks/vecLib.framework/Versions/A/libLAPACK.dylib
0x00007fff2c878000 	/System/Library/Frameworks/Accelerate.framework/Versions/A/Frameworks/vecLib.framework/Versions/A/libLinearAlgebra.dylib
0x00007fff2c905000 	/System/Library/Frameworks/Accelerate.framework/Versions/A/Frameworks/vecLib.framework/Versions/A/libSparseBLAS.dylib
0x00007fff2c88e000 	/System/Library/Frameworks/Accelerate.framework/Versions/A/Frameworks/vecLib.framework/Versions/A/libQuadrature.dylib
0x00007fff2c008000 	/System/Library/Frameworks/Accelerate.framework/Versions/A/Frameworks/vecLib.framework/Versions/A/libBNNS.dylib
0x00007fff2c894000 	/System/Library/Frameworks/Accelerate.framework/Versions/A/Frameworks/vecLib.framework/Versions/A/libSparse.dylib
0x00007fff54e03000 	/System/Library/PrivateFrameworks/LanguageModeling.framework/Versions/A/LanguageModeling
0x00007fff47634000 	/System/Library/PrivateFrameworks/CoreEmoji.framework/Versions/A/CoreEmoji
0x00007fff54f21000 	/System/Library/PrivateFrameworks/LinguisticData.framework/Versions/A/LinguisticData
0x00007fff54ed2000 	/System/Library/PrivateFrameworks/Lexicon.framework/Versions/A/Lexicon
0x00007fff65e8a000 	/usr/lib/libcmph.dylib
0x00007fff38e1c000 	/System/Library/Frameworks/OpenDirectory.framework/Versions/A/Frameworks/CFOpenDirectory.framework/Versions/A/CFOpenDirectory
0x00007fff38e39000 	/System/Library/Frameworks/OpenDirectory.framework/Versions/A/OpenDirectory
0x00007fff4127f000 	/System/Library/PrivateFrameworks/APFS.framework/Versions/A/APFS
0x00007fff3c52e000 	/System/Library/Frameworks/SecurityFoundation.framework/Versions/A/SecurityFoundation
0x00007fff67f52000 	/usr/lib/libutil.dylib
0x00007fff48b80000 	/System/Library/PrivateFrameworks/CoreServicesStore.framework/Versions/A/CoreServicesStore
0x00007fff3c5e5000 	/System/Library/Frameworks/ServiceManagement.framework/Versions/A/ServiceManagement
0x00007fff44821000 	/System/Library/PrivateFrameworks/BackgroundTaskManagement.framework/Versions/A/BackgroundTaskManagement
0x00007fff6804f000 	/usr/lib/libxslt.1.dylib
0x00007fff436c3000 	/System/Library/PrivateFrameworks/AppleSystemInfo.framework/Versions/A/AppleSystemInfo
0x00007fff32ba3000 	/System/Library/Frameworks/ImageIO.framework/Versions/A/Resources/libJPEG.dylib
0x00007fff32e60000 	/System/Library/Frameworks/ImageIO.framework/Versions/A/Resources/libTIFF.dylib
0x00007fff32e43000 	/System/Library/Frameworks/ImageIO.framework/Versions/A/Resources/libPng.dylib
0x00007fff32ae5000 	/System/Library/Frameworks/ImageIO.framework/Versions/A/Resources/libGIF.dylib
0x00007fff32ae9000 	/System/Library/Frameworks/ImageIO.framework/Versions/A/Resources/libJP2.dylib
0x00007fff32e5e000 	/System/Library/Frameworks/ImageIO.framework/Versions/A/Resources/libRadiance.dylib
0x00007fff668cc000 	/usr/lib/libexpat.1.dylib
0x00007fff431aa000 	/System/Library/PrivateFrameworks/AppleJPEG.framework/Versions/A/AppleJPEG
0x00007fff4be7f000 	/System/Library/PrivateFrameworks/FontServices.framework/libFontParser.dylib
0x00007fff61bc9000 	/System/Library/PrivateFrameworks/WatchdogClient.framework/Versions/A/WatchdogClient
0x00007fff5446b000 	/System/Library/PrivateFrameworks/IOAccelerator.framework/Versions/A/IOAccelerator
0x00007fff3536d000 	/System/Library/Frameworks/MetalPerformanceShaders.framework/Versions/A/MetalPerformanceShaders
0x00007fff50bfb000 	/System/Library/PrivateFrameworks/GPUWrangler.framework/Versions/A/GPUWrangler
0x00007fff54480000 	/System/Library/PrivateFrameworks/IOPresentment.framework/Versions/A/IOPresentment
0x00007fff49700000 	/System/Library/PrivateFrameworks/DSExternalDisplay.framework/Versions/A/DSExternalDisplay
0x00007fff397ad000 	/System/Library/Frameworks/OpenGL.framework/Versions/A/Libraries/libCoreFSCache.dylib
0x00007fff350b9000 	/System/Library/Frameworks/MetalPerformanceShaders.framework/Frameworks/MPSCore.framework/Versions/A/MPSCore
0x00007fff350f7000 	/System/Library/Frameworks/MetalPerformanceShaders.framework/Frameworks/MPSImage.framework/Versions/A/MPSImage
0x00007fff351be000 	/System/Library/Frameworks/MetalPerformanceShaders.framework/Frameworks/MPSNeuralNetwork.framework/Versions/A/MPSNeuralNetwork
0x00007fff35182000 	/System/Library/Frameworks/MetalPerformanceShaders.framework/Frameworks/MPSMatrix.framework/Versions/A/MPSMatrix
0x00007fff3531d000 	/System/Library/Frameworks/MetalPerformanceShaders.framework/Frameworks/MPSRayIntersector.framework/Versions/A/MPSRayIntersector
0x00007fff351a8000 	/System/Library/Frameworks/MetalPerformanceShaders.framework/Frameworks/MPSNDArray.framework/Versions/A/MPSNDArray
0x00007fff562dc000 	/System/Library/PrivateFrameworks/MetalTools.framework/Versions/A/MetalTools
0x00007fff42459000 	/System/Library/PrivateFrameworks/AggregateDictionary.framework/Versions/A/AggregateDictionary
0x00007fff4707b000 	/System/Library/PrivateFrameworks/CoreAnalytics.framework/Versions/A/CoreAnalytics
0x00007fff435e1000 	/System/Library/PrivateFrameworks/AppleSauce.framework/Versions/A/AppleSauce
0x00007fff6588a000 	/usr/lib/libIOReport.dylib
0x00007fff31a6c000 	/System/Library/Frameworks/CoreVideo.framework/Versions/A/CoreVideo
0x00007fff52074000 	/System/Library/PrivateFrameworks/GraphVisualizer.framework/Versions/A/GraphVisualizer
0x00007fff4b3c5000 	/System/Library/PrivateFrameworks/FaceCore.framework/Versions/A/FaceCore
0x00007fff38dc3000 	/System/Library/Frameworks/OpenCL.framework/Versions/A/OpenCL
0x00007fff656ac000 	/usr/lib/libFosl_dynamic.dylib
0x00007fff57626000 	/System/Library/PrivateFrameworks/OTSVG.framework/Versions/A/OTSVG
0x00007fff2dc70000 	/System/Library/Frameworks/ApplicationServices.framework/Versions/A/Frameworks/ATS.framework/Versions/A/Resources/libFontRegistry.dylib
0x00007fff4c04f000 	/System/Library/PrivateFrameworks/FontServices.framework/libhvf.dylib
0x00007fff397b8000 	/System/Library/Frameworks/OpenGL.framework/Versions/A/Libraries/libGFXShared.dylib
0x00007fff39996000 	/System/Library/Frameworks/OpenGL.framework/Versions/A/Libraries/libGLU.dylib
0x00007fff397c1000 	/System/Library/Frameworks/OpenGL.framework/Versions/A/Libraries/libGL.dylib
0x00007fff397cc000 	/System/Library/Frameworks/OpenGL.framework/Versions/A/Libraries/libGLImage.dylib
0x00007fff397aa000 	/System/Library/Frameworks/OpenGL.framework/Versions/A/Libraries/libCVMSPluginSupport.dylib
0x00007fff397b3000 	/System/Library/Frameworks/OpenGL.framework/Versions/A/Libraries/libCoreVMClient.dylib
0x00007fff67320000 	/usr/lib/libncurses.5.4.dylib
0x00007fff2db6c000 	/System/Library/Frameworks/ApplicationServices.framework/Versions/A/Frameworks/ATS.framework/Versions/A/ATS
0x00007fff2dd39000 	/System/Library/Frameworks/ApplicationServices.framework/Versions/A/Frameworks/ColorSyncLegacy.framework/Versions/A/ColorSyncLegacy
0x00007fff2ddd7000 	/System/Library/Frameworks/ApplicationServices.framework/Versions/A/Frameworks/HIServices.framework/Versions/A/HIServices
0x00007fff2de2f000 	/System/Library/Frameworks/ApplicationServices.framework/Versions/A/Frameworks/LangAnalysis.framework/Versions/A/LangAnalysis
0x00007fff2de3e000 	/System/Library/Frameworks/ApplicationServices.framework/Versions/A/Frameworks/PrintCore.framework/Versions/A/PrintCore
0x00007fff2de84000 	/System/Library/Frameworks/ApplicationServices.framework/Versions/A/Frameworks/QD.framework/Versions/A/QD
0x00007fff2de8f000 	/System/Library/Frameworks/ApplicationServices.framework/Versions/A/Frameworks/SpeechSynthesis.framework/Versions/A/SpeechSynthesis
0x00007fff2dd09000 	/System/Library/Frameworks/ApplicationServices.framework/Versions/A/Frameworks/ATSUI.framework/Versions/A/ATSUI
0x00007fff66762000 	/usr/lib/libcups.2.dylib
0x00007fff34408000 	/System/Library/Frameworks/Kerberos.framework/Versions/A/Kerberos
0x00007fff32549000 	/System/Library/Frameworks/GSS.framework/Versions/A/GSS
0x00007fff67aa3000 	/usr/lib/libresolv.9.dylib
0x00007fff52221000 	/System/Library/PrivateFrameworks/Heimdal.framework/Versions/A/Heimdal
0x00007fff3441b000 	/System/Library/Frameworks/Kerberos.framework/Versions/A/Libraries/libHeimdalProxy.dylib
0x00007fff6690b000 	/usr/lib/libheimdal-asn1.dylib
0x00007fff46513000 	/System/Library/PrivateFrameworks/CommonAuth.framework/Versions/A/CommonAuth
0x00007fff43760000 	/System/Library/PrivateFrameworks/AssertionServices.framework/Versions/A/AssertionServices
0x00007fff44303000 	/System/Library/PrivateFrameworks/AudioToolboxCore.framework/Versions/A/AudioToolboxCore
0x00007fff62727000 	/System/Library/PrivateFrameworks/caulk.framework/Versions/A/caulk
0x00007fff448cd000 	/System/Library/PrivateFrameworks/BaseBoard.framework/Versions/A/BaseBoard
0x00007fff5b889000 	/System/Library/PrivateFrameworks/RunningBoardServices.framework/Versions/A/RunningBoardServices
0x00007fff5889a000 	/System/Library/PrivateFrameworks/PersistentConnection.framework/Versions/A/PersistentConnection
0x00007fff5b282000 	/System/Library/PrivateFrameworks/ProtocolBuffer.framework/Versions/A/ProtocolBuffer
0x00007fff46537000 	/System/Library/PrivateFrameworks/CommonUtilities.framework/Versions/A/CommonUtilities
0x00007fff44a5b000 	/System/Library/PrivateFrameworks/Bom.framework/Versions/A/Bom
0x00007fff6555d000 	/usr/lib/libAudioToolboxUtility.dylib
0x00007fff4482b000 	/System/Library/PrivateFrameworks/Backup.framework/Versions/A/Backup
0x00007fff49621000 	/System/Library/PrivateFrameworks/CrashReporterSupport.framework/Versions/A/CrashReporterSupport
0x00007fff5cb99000 	/System/Library/PrivateFrameworks/Sharing.framework/Versions/A/Sharing
0x00007fff42d6d000 	/System/Library/PrivateFrameworks/Apple80211.framework/Versions/A/Apple80211
0x00007fff44548000 	/System/Library/PrivateFrameworks/AuthKit.framework/Versions/A/AuthKit
0x00007fff4932e000 	/System/Library/PrivateFrameworks/CoreUtils.framework/Versions/A/CoreUtils
0x00007fff31ab1000 	/System/Library/Frameworks/CoreWLAN.framework/Versions/A/CoreWLAN
0x00007fff326d6000 	/System/Library/Frameworks/IOBluetooth.framework/Versions/A/IOBluetooth
0x00007fff56453000 	/System/Library/PrivateFrameworks/MobileKeyBag.framework/Versions/A/MobileKeyBag
0x00007fff4811d000 	/System/Library/PrivateFrameworks/CorePhoneNumbers.framework/Versions/A/CorePhoneNumbers
0x00007fff4315d000 	/System/Library/PrivateFrameworks/AppleIDAuthSupport.framework/Versions/A/AppleIDAuthSupport
0x00007fff3623a000 	/System/Library/Frameworks/Network.framework/Versions/A/Network
0x00007fff54caf000 	/System/Library/PrivateFrameworks/KeychainCircle.framework/Versions/A/KeychainCircle
0x00007fff2f4fe000 	/System/Library/Frameworks/CoreBluetooth.framework/Versions/A/CoreBluetooth
0x00007fff5ec18000 	/System/Library/PrivateFrameworks/SpeechRecognitionCore.framework/Versions/A/SpeechRecognitionCore
0x000000010bc00000 	/Library/Java/JavaVirtualMachines/jdk-14.0.2.jdk/Contents/Home/lib/server/libjvm.dylib
0x000000010ab20000 	/Library/Java/JavaVirtualMachines/jdk-14.0.2.jdk/Contents/Home/lib/libjimage.dylib
0x000000010ab2d000 	/Library/Java/JavaVirtualMachines/jdk-14.0.2.jdk/Contents/Home/lib/libinstrument.dylib
0x000000010ab3d000 	/Library/Java/JavaVirtualMachines/jdk-14.0.2.jdk/Contents/Home/lib/libjava.dylib
0x000000010abad000 	/Library/Java/JavaVirtualMachines/jdk-14.0.2.jdk/Contents/Home/lib/libzip.dylib
0x000000010abd4000 	/Library/Java/JavaVirtualMachines/jdk-14.0.2.jdk/Contents/Home/lib/libnio.dylib
0x000000010abe7000 	/Library/Java/JavaVirtualMachines/jdk-14.0.2.jdk/Contents/Home/lib/libnet.dylib
0x000000011940c000 	/Library/Java/JavaVirtualMachines/jdk-14.0.2.jdk/Contents/Home/lib/libextnet.dylib
0x0000000119413000 	/Library/Java/JavaVirtualMachines/jdk-14.0.2.jdk/Contents/Home/lib/libverify.dylib
0x0000000119422000 	/Library/Java/JavaVirtualMachines/jdk-14.0.2.jdk/Contents/Home/lib/libawt.dylib
0x00000001194be000 	/Library/Java/JavaVirtualMachines/jdk-14.0.2.jdk/Contents/Home/lib/libmlib_image.dylib
0x00007fff343f2000 	/System/Library/Frameworks/JavaVM.framework/Versions/A/Frameworks/JavaNativeFoundation.framework/Versions/A/JavaNativeFoundation
0x00007fff343fb000 	/System/Library/Frameworks/JavaVM.framework/Versions/A/Frameworks/JavaRuntimeSupport.framework/Versions/A/JavaRuntimeSupport
0x00007fff34403000 	/System/Library/Frameworks/JavaVM.framework/Versions/A/JavaVM
0x00007fff54ad3000 	/System/Library/PrivateFrameworks/JavaLaunching.framework/Versions/A/JavaLaunching
0x00007fff2e721000 	/System/Library/Frameworks/Carbon.framework/Versions/A/Carbon
0x00007fff490d3000 	/System/Library/PrivateFrameworks/CoreSymbolication.framework/Versions/A/CoreSymbolication
0x00007fff2e722000 	/System/Library/Frameworks/Carbon.framework/Versions/A/Frameworks/CommonPanels.framework/Versions/A/CommonPanels
0x00007fff2ea1b000 	/System/Library/Frameworks/Carbon.framework/Versions/A/Frameworks/Help.framework/Versions/A/Help
0x00007fff2ea1f000 	/System/Library/Frameworks/Carbon.framework/Versions/A/Frameworks/ImageCapture.framework/Versions/A/ImageCapture
0x00007fff2ea26000 	/System/Library/Frameworks/Carbon.framework/Versions/A/Frameworks/OpenScripting.framework/Versions/A/OpenScripting
0x00007fff2ea25000 	/System/Library/Frameworks/Carbon.framework/Versions/A/Frameworks/Ink.framework/Versions/A/Ink
0x00007fff2ea61000 	/System/Library/Frameworks/Carbon.framework/Versions/A/Frameworks/Print.framework/Versions/A/Print
0x00007fff2ea62000 	/System/Library/Frameworks/Carbon.framework/Versions/A/Frameworks/SecurityHI.framework/Versions/A/SecurityHI
0x00007fff49855000 	/System/Library/PrivateFrameworks/DebugSymbols.framework/Versions/A/DebugSymbols
0x000000011952a000 	/Library/Java/JavaVirtualMachines/jdk-14.0.2.jdk/Contents/Home/lib/libawt_lwawt.dylib
0x00000001195dc000 	/Library/Java/JavaVirtualMachines/jdk-14.0.2.jdk/Contents/Home/lib/libosxapp.dylib
0x00007fff31fb1000 	/System/Library/Frameworks/ExceptionHandling.framework/Versions/A/ExceptionHandling
0x00000001195fc000 	/Library/Java/JavaVirtualMachines/jdk-14.0.2.jdk/Contents/Home/lib/libjavajpeg.dylib
0x0000000119625000 	/Library/Java/JavaVirtualMachines/jdk-14.0.2.jdk/Contents/Home/lib/liblcms.dylib
0x0000000119674000 	/Users/administrator/Library/Caches/JNA/temp/jna5536992066793537005.tmp
0x000000011968a000 	/Users/administrator/Library/Caches/JNA/temp/jna2376773957113761463.tmp
0x0000000119942000 	/usr/local/opt/leptonica/lib/libleptonica.6.dylib
0x0000000119b42000 	/usr/local/opt/libarchive/lib/libarchive.13.dylib
0x00007fff667c3000 	/usr/lib/libcurl.4.dylib
0x0000000119bea000 	/usr/local/opt/libpng/lib/libpng16.16.dylib
0x0000000119c1e000 	/usr/local/opt/jpeg-turbo/lib/libjpeg.8.dylib
0x0000000119cc6000 	/usr/local/opt/giflib/lib/libgif.dylib
0x0000000119cda000 	/usr/local/opt/libtiff/lib/libtiff.6.dylib
0x0000000119d5a000 	/usr/local/opt/webp/lib/libwebp.7.dylib
0x0000000119dc2000 	/usr/local/opt/webp/lib/libwebpmux.3.dylib
0x0000000119dd6000 	/usr/local/opt/openjpeg/lib/libopenjp2.7.dylib
0x0000000119e2e000 	/usr/local/opt/zstd/lib/libzstd.1.dylib
0x0000000119f06000 	/usr/local/opt/xz/lib/liblzma.5.dylib
0x0000000119f3a000 	/usr/local/Cellar/webp/1.4.0/lib/libsharpyuv.0.1.0.dylib
0x0000000119f4a000 	/usr/local/opt/lz4/lib/liblz4.1.dylib
0x0000000119f7a000 	/usr/local/opt/libb2/lib/libb2.1.dylib
0x00007fff66648000 	/usr/lib/libcrypto.44.dylib
0x00007fff67df5000 	/usr/lib/libssl.46.dylib
0x00007fff3441c000 	/System/Library/Frameworks/LDAP.framework/Versions/A/LDAP
0x00007fff5feac000 	/System/Library/PrivateFrameworks/TrustEvaluationAgent.framework/Versions/A/TrustEvaluationAgent
0x00007fff67b02000 	/usr/lib/libsasl2.2.dylib
0x00007fff473a8000 	/System/Library/PrivateFrameworks/CoreDaemon.framework/Versions/B/CoreDaemon
0x00007fff435dc000 	/System/Library/PrivateFrameworks/AppleSRP.framework/Versions/A/AppleSRP


VM Arguments:
jvm_args: -javaagent:/Applications/IntelliJ IDEA CE.app/Contents/lib/idea_rt.jar=63866:/Applications/IntelliJ IDEA CE.app/Contents/bin -Dfile.encoding=UTF-8 
java_command: ocr.ExtractText
java_class_path (initial): /Users/administrator/Documents/startup/test/target/classes:/Users/administrator/.m2/repository/net/sourceforge/tess4j/tess4j/4.5.1/tess4j-4.5.1.jar:/Users/administrator/.m2/repository/net/java/dev/jna/jna/5.5.0/jna-5.5.0.jar:/Users/administrator/.m2/repository/com/github/jai-imageio/jai-imageio-core/1.4.0/jai-imageio-core-1.4.0.jar:/Users/administrator/.m2/repository/org/ghost4j/ghost4j/1.0.1/ghost4j-1.0.1.jar:/Users/administrator/.m2/repository/log4j/log4j/1.2.17/log4j-1.2.17.jar:/Users/administrator/.m2/repository/commons-beanutils/commons-beanutils/1.9.2/commons-beanutils-1.9.2.jar:/Users/administrator/.m2/repository/commons-collections/commons-collections/3.2.1/commons-collections-3.2.1.jar:/Users/administrator/.m2/repository/org/apache/xmlgraphics/xmlgraphics-commons/1.4/xmlgraphics-commons-1.4.jar:/Users/administrator/.m2/repository/com/lowagie/itext/2.1.7/itext-2.1.7.jar:/Users/administrator/.m2/repository/org/apache/pdfbox/pdfbox/2.0.18/pdfbox-2.0.18.jar:/Users/administrator/.m2/repository/org/apache/pdfbox/fontbox/2.0.18/fontbox-2.0.18.jar:/Users/administrator/.m2/repository/commons-logging/commons-logging/1.2/commons-logging-1.2.jar:/Users/administrator/.m2/repository/org/apache/pdfbox/pdfbox-tools/2.0.18/pdfbox-tools-2.0.18.jar:/Users/administrator/.m2/repository/org/apache/pdfbox/pdfbox-debugger/2.0.18/pdfbox-debugger-2.0.18.jar:/Users/administrator/.m2/repository/org/apache/pdfbox/jbig2-imageio/3.0.3/jbig2-imageio-3.0.3.jar:/Users/administrator/.m2/repository/commons-io/commons-io/2.6/commons-io-2.6.jar:/Users/administrator/.m2/repository/net/sourceforge/lept4j/lept4j/1.13.0/lept4j-1.13.0.jar:/Users/administrator/.m2/repository/org/jboss/jboss-vfs/3.2.15.Final/jboss-vfs-3.2.15.Final.jar:/Users/administrator/.m2/repository/org/jboss/logging/jboss-logging/3.1.4.GA/jboss-logging-3.1.4.GA.jar:/Users/administrator/.m2/repository/ch/qos/logback/logback-classic/1.2.3/logback-classic-1.2.3.jar:/Users/administrator/.m2/repository/ch/
Launcher Type: SUN_STANDARD

[Global flags]
     intx CICompilerCount                          = 4                                         {product} {ergonomic}
     uint ConcGCThreads                            = 2                                         {product} {ergonomic}
     uint G1ConcRefinementThreads                  = 8                                         {product} {ergonomic}
   size_t G1HeapRegionSize                         = 1048576                                   {product} {ergonomic}
    uintx GCDrainStackTargetSize                   = 64                                        {product} {ergonomic}
   size_t InitialHeapSize                          = 268435456                                 {product} {ergonomic}
   size_t MarkStackSize                            = 4194304                                   {product} {ergonomic}
   size_t MaxHeapSize                              = 4294967296                                {product} {ergonomic}
   size_t MaxNewSize                               = 2576351232                                {product} {ergonomic}
   size_t MinHeapDeltaBytes                        = 1048576                                   {product} {ergonomic}
   size_t MinHeapSize                              = 8388608                                   {product} {ergonomic}
    uintx NonNMethodCodeHeapSize                   = 5839372                                {pd product} {ergonomic}
    uintx NonProfiledCodeHeapSize                  = 122909434                              {pd product} {ergonomic}
    uintx ProfiledCodeHeapSize                     = 122909434                              {pd product} {ergonomic}
    uintx ReservedCodeCacheSize                    = 251658240                              {pd product} {ergonomic}
     bool SegmentedCodeCache                       = true                                      {product} {ergonomic}
   size_t SoftMaxHeapSize                          = 4294967296                             {manageable} {ergonomic}
     bool UseCompressedClassPointers               = true                                 {lp64_product} {ergonomic}
     bool UseCompressedOops                        = true                                 {lp64_product} {ergonomic}
     bool UseG1GC                                  = true                                      {product} {ergonomic}

Logging:
Log output configuration:
 #0: stdout all=warning uptime,level,tags
 #1: stderr all=off uptime,level,tags

Environment Variables:
PATH=/usr/local/opt/openjdk/bin:/usr/local/bin:/usr/bin:/bin:/usr/sbin:/sbin:/Library/Apple/usr/bin://Users/administrator/flutter/bin
SHELL=/bin/zsh

Signal Handlers:
SIGSEGV: [libjvm.dylib+0x7415b8], sa_mask[0]=11111111011111110111111111111111, sa_flags=SA_ONSTACK|SA_RESTART|SA_SIGINFO
SIGBUS: [libjvm.dylib+0x7415b8], sa_mask[0]=11111111011111110111111111111111, sa_flags=SA_RESTART|SA_SIGINFO
SIGFPE: [libjvm.dylib+0x7415b8], sa_mask[0]=11111111011111110111111111111111, sa_flags=SA_RESTART|SA_SIGINFO
SIGPIPE: [libjvm.dylib+0x5eb4b1], sa_mask[0]=11111111011111110111111111111111, sa_flags=SA_RESTART|SA_SIGINFO
SIGXFSZ: [libjvm.dylib+0x5eb4b1], sa_mask[0]=11111111011111110111111111111111, sa_flags=SA_RESTART|SA_SIGINFO
SIGILL: [libjvm.dylib+0x7415b8], sa_mask[0]=11111111011111110111111111111111, sa_flags=SA_RESTART|SA_SIGINFO
SIGUSR2: [libjvm.dylib+0x5eba83], sa_mask[0]=00100000000000000000000000000000, sa_flags=SA_RESTART|SA_SIGINFO
SIGHUP: [libjvm.dylib+0x5eaae5], sa_mask[0]=11111111011111110111111111111111, sa_flags=SA_RESTART|SA_SIGINFO
SIGINT: [libjvm.dylib+0x5eaae5], sa_mask[0]=11111111011111110111111111111111, sa_flags=SA_RESTART|SA_SIGINFO
SIGTERM: [libjvm.dylib+0x5eaae5], sa_mask[0]=11111111011111110111111111111111, sa_flags=SA_RESTART|SA_SIGINFO
SIGQUIT: [libjvm.dylib+0x5eaae5], sa_mask[0]=11111111011111110111111111111111, sa_flags=SA_RESTART|SA_SIGINFO


---------------  S Y S T E M  ---------------

OS:uname:Darwin 19.6.0 Darwin Kernel Version 19.6.0: Tue Jun 21 21:18:39 PDT 2022; root:xnu-6153.141.66~1/RELEASE_X86_64 x86_64
OS uptime: 141 days 0:55 hours
rlimit: STACK 8192k, CORE 0k, NPROC 2784, NOFILE 10240, AS infinity, DATA infinity, FSIZE infinity
load average:3.53 3.04 3.10

CPU:total 8 (initial active 8) (4 cores per cpu, 2 threads per core) family 6 model 158 stepping 9, cmov, cx8, fxsr, mmx, sse, sse2, sse3, ssse3, sse4.1, sse4.2, popcnt, avx, avx2, aes, clmul, erms, 3dnowpref, lzcnt, ht, tsc, tscinvbit, bmi1, bmi2, adx, fma

Memory: 4k page, physical 16777216k(142976k free), swap 6291456k(1256704k free)

vm_info: Java HotSpot(TM) 64-Bit Server VM (14.0.2+12-46) for bsd-amd64 JRE (14.0.2+12-46), built on Jul  8 2020 23:32:31 by "mach5one" with clang 4.2.1 Compatible Apple LLVM 10.0.0 (clang-1000.11.45.5)

END.
